-1
-1
-1
-1
-1
-1
-1
-1
-1
-1
-1
-1
-1
-1
-1
-1
-1
-1
-1
-1
-1
-1
-1
-1
-1
-1
-1
-1
-1
-1
-1
-1
-1
-1
-1
-1
-1
-1
-1
-1
-1
-1
-1
-1
-1
-1
-1
-1
-1
-1
-1
-1
-1
-1
-1
-1
-1
-1
-1
-1
-1
-1
-1
-1
-1
-1
-1
-1
-1
-1
-1
-1
-1
-1
-1
-1
-1
-1
-1
-1
-1
-1
-1
-1
-1
-1
-1
-1
-1
-1
-1
-1
-1
-1
-1
-1
-1
-1
-1
-1
-1
-1
-1
-1
-1
-1
-1
-1
-1
-1
-1
-1
-1
-1
-1
-1
-1
-1
-1
-1
-1
-1
-1
-1
-1
-1
-1
-1
-1
-1
-1
-1
-1
-1
-1
-1
-1
-1
-1
-1
-1
-1
-1
-1
-1
-1
-1
-1
-1
-1
-1
-1
-1
-1
-1
-1
-1
-1
-1
-1
-1
-1
-1
-1
-1
-1
-1
-1
-1
-1
-1
-1
-1
-1
-1
-1
-1
-1
-1
-1
-1
-1
-1
-1
-1
-1
-1
-1
-1
-1
-1
-1
-1
-1
-1
-1
-1
-1
-1
-1
-1
-1
-1
-1
-1
-1
-1
-1
-1
-1
-1
-1
-1
-1
-1
-1
-1
-1
-1
-1
-1
-1
-1
-1
-1
-1
-1
-1
-1
-1
-1
-1
-1
-1
-1
-1
-1
-1
-1
-1
-1
-1
-1
-1
-1
-1
-1
-1
-1
-1
-1
-1
-1
-1
-1
-1
-1
-1
-1
-1
-1
-1
-1
-1
-1
-1
-1
-1
-1
-1
-1
-1
-1
-1
-1
-1
-1
-1
-1
-1
-1
-1
-1
-1
-1
-1
-1
-1
-1
-1
-1
-1
-1
-1
-1
-1
-1
-1
-1
-1
-1
-1
-1
-1
-1
-1
-1
-1
-1
-1
-1
-1
-1
-1
-1
-1
-1
-1
-1
-1
-1
-1
-1
-1
-1
-1
-1
-1
-1
-1
-1
-1
-1
-1
-1
-1
-1
-1
-1
-1
-1
-1
-1
-1
-1
-1
-1
-1
-1
-1
-1
-1
-1
-1
-1
-1
-1
-1
-1
-1
-1
-1
-1
-1
-1
-1
-1
-1
-1
-1
-1
-1
-1
-1
-1
-1
-1
-1
-1
-1
-1
-1
-1
-1
-1
-1
-1
-1
-1
-1
-1
-1
-1
-1
-1
-1
-1
-1
-1
-1
-1
-1
-1
-1
-1
-1
-1
-1
-1
-1
-1
-1
-1
-1
-1
-1
-1
-1
-1
-1
-1
-1
-1
-1
-1
-1
-1
-1
-1
-1
-1
-1
-1
-1
-1
-1
-1
-1
-1
-1
-1
-1
-1
-1
-1
-1
-1
-1
-1
-1
-1
-1
-1
-1
-1
-1
-1
-1
-1
-1
-1
-1
-1
-1
-1
-1
-1
-1
-1
-1
-1
-1
-1
-1
-1
-1
-1
-1
-1
-1
-1
-1
-1
-1
-1
-1
-1
-1
-1
-1
-1
-1
-1
-1
-1
-1
-1
-1
-1
-1
-1
-1
-1
-1
-1
-1
-1
-1
-1
-1
-1
-1
-1
-1
-1
-1
-1
-1
-1
-1
-1
-1
-1
-1
-1
-1
-1
-1
-1
-1
-1
-1
-1
-1
-1
-1
-1
-1
-1
-1
-1
-1
-1
-1
-1
-1
-1
-1
-1
-1
-1
-1
-1
-1
-1
-1
-1
-1
-1
-1
-1
-1
-1
-1
-1
-1
-1
-1
-1
-1
-1
-1
-1
-1
-1
-1
-1
-1
-1
-1
-1
-1
-1
-1
-1
-1
-1
-1
-1
-1
-1
-1
-1
-1
-1
-1
-1
-1
-1
-1
-1
-1
-1
-1
-1
-1
-1
-1
-1
-1
-1
-1
-1
-1
-1
-1
-1
-1
-1
-1
-1
-1
-1
-1
-1
-1
-1
-1
-1
-1
-1
-1
-1
-1
-1
-1
-1
-1
-1
-1
-1
-1
-1
-1
-1
-1
-1
-1
-1
-1
-1
-1
-1
-1
-1
-1
-1
-1
-1
-1
-1
-1
-1
-1
-1
-1
-1
-1
-1
-1
-1
-1
-1
-1
-1
-1
-1
-1
-1
-1
-1
-1
-1
-1
-1
-1
-1
-1
-1
-1
-1
-1
-1
-1
-1
-1
-1
-1
-1
-1
-1
-1
-1
-1
-1
-1
-1
-1
-1
-1
-1
-1
-1
-1
-1
-1
-1
-1
-1
-1
-1
-1
-1
-1
-1
-1
-1
-1
-1
-1
-1
-1
-1
-1
-1
-1
-1
-1
-1
-1
-1
-1
-1
-1
-1
-1
-1
-1
-1
-1
-1
-1
-1
-1
-1
-1
-1
-1
-1
-1
-1
-1
-1
-1
-1
-1
-1
-1
-1
-1
-1
-1
-1
-1
-1
-1
-1
-1
-1
-1
-1
-1
-1
-1
-1
-1
-1
-1
-1
-1
-1
-1
-1
-1
-1
-1
-1
-1
-1
-1
-1
-1
-1
-1
-1
-1
-1
-1
-1
-1
-1
-1
-1
-1
-1
-1
-1
-1
-1
-1
-1
-1
-1
-1
-1
-1
-1
-1
-1
-1
-1
-1
-1
-1
-1
-1
-1
-1
-1
-1
-1
-1
-1
-1
-1
-1
-1
-1
-1
-1
-1
-1
-1
-1
-1
-1
-1
-1
-1
-1
-1
-1
-1
-1
-1
-1
-1
-1
-1
-1
-1
-1
-1
-1
-1
-1
-1
-1
-1
-1
-1
-1
-1
-1
-1
-1
-1
-1
-1
-1
-1
-1
-1
-1
-1
-1
-1
-1
-1
-1
-1
-1
-1
-1
-1
-1
-1
-1
-1
-1
-1
-1
-1
-1
-1
-1
-1
-1
-1
-1
-1
-1
-1
-1
-1
-1
-1
-1
-1
-1
-1
-1
-1
-1
-1
-1
-1
-1
-1
-1
-1
-1
-1
-1
-1
-1
-1
-1
-1
-1
-1
-1
-1
-1
-1
-1
-1
-1
-1
-1
-1
-1
-1
-1
-1
-1
-1
-1
-1
-1
-1
-1
-1
-1
-1
-1
-1
-1
-1
-1
-1
-1
-1
-1
-1
-1
-1
-1
-1
-1
-1
-1
-1
-1
-1
-1
-1
-1
-1
-1
-1
-1
-1
-1
-1
-1
-1
-1
-1
-1
-1
-1
-1
-1
-1
-1
-1
-1
-1
-1
-1
-1
-1
-1
-1
-1
-1
-1
-1
-1
-1
-1
-1
-1
-1
-1
-1
-1
-1
-1
-1
-1
-1
-1
-1
-1
-1
-1
-1
-1
-1
-1
-1
-1
-1
-1
-1
-1
-1
-1
-1
-1
-1
-1
-1
-1
-1
-1
-1
-1
-1
-1
-1
-1
-1
-1
-1
-1
-1
-1
-1
-1
-1
-1
-1
-1
-1
-1
-1
-1
-1
-1
-1
-1
-1
-1
-1
-1
-1
-1
-1
-1
-1
-1
-1
-1
-1
-1
-1
-1
-1
-1
-1
-1
-1
-1
-1
-1
-1
-1
-1
-1
-1
-1
-1
-1
-1
-1
-1
-1
-1
-1
-1
-1
-1
-1
-1
-1
-1
-1
-1
-1
-1
-1
-1
-1
-1
-1
-1
-1
-1
-1
-1
-1
-1
-1
-1
-1
-1
-1
-1
-1
-1
-1
-1
-1
-1
-1
-1
-1
-1
-1
-1
-1
-1
-1
-1
-1
-1
-1
-1
-1
-1
-1
-1
-1
-1
-1
-1
-1
-1
-1
-1
-1
-1
-1
-1
-1
-1
-1
-1
-1
-1
-1
-1
-1
-1
-1
-1
-1
-1
-1
-1
-1
-1
-1
-1
-1
-1
-1
-1
-1
-1
-1
-1
-1
-1
-1
-1
-1
-1
-1
-1
-1
-1
-1
-1
-1
-1
-1
-1
-1
-1
668
-1
-1
-1
-1
-1
-1
-1
-1
-1
-1
-1
-1
-1
-1
-1
-1
-1
-1
-1
-1
-1
-1
-1
-1
-1
-1
-1
-1
-1
-1
-1
-1
-1
-1
-1
-1
-1
-1
-1
-1
-1
-1
-1
-1
-1
-1
-1
-1
-1
-1
-1
-1
-1
-1
-1
-1
-1
-1
-1
-1
-1
-1
-1
-1
-1
-1
-1
-1
-1
-1
-1
-1
-1
-1
-1
-1
-1
-1
-1
-1
-1
-1
-1
-1
-1
-1
-1
-1
-1
-1
-1
-1
-1
-1
-1
-1
-1
-1
-1
-1
-1
-1
-1
-1
-1
-1
-1
-1
-1
-1
-1
-1
-1
-1
-1
-1
-1
-1
-1
-1
-1
-1
-1
-1
-1
-1
-1
-1
-1
-1
-1
-1
-1
-1
-1
-1
-1
-1
-1
-1
-1
-1
-1
-1
-1
-1
-1
-1
-1
-1
-1
-1
-1
-1
-1
-1
-1
-1
-1
-1
-1
-1
-1
-1
-1
-1
-1
-1
-1
-1
-1
-1
-1
-1
-1
-1
-1
-1
-1
-1
-1
-1
-1
-1
-1
-1
-1
-1
-1
-1
-1
-1
-1
-1
-1
-1
-1
-1
-1
-1
-1
-1
-1
-1
-1
-1
-1
-1
-1
-1
-1
-1
-1
-1
-1
-1
-1
-1
-1
-1
-1
-1
-1
-1
-1
-1
-1
-1
-1
-1
-1
-1
-1
-1
-1
-1
-1
-1
-1
-1
-1
-1
-1
-1
-1
-1
-1
-1
-1
-1
-1
-1
-1
-1
1761
-1
-1
-1
-1
-1
-1
-1
-1
-1
-1
-1
-1
-1
-1
-1
-1
-1
-1
-1
-1
-1
-1
-1
-1
-1
-1
-1
-1
-1
-1
-1
-1
-1
-1
-1
-1
-1
-1
-1
-1
-1
-1
-1
-1
-1
-1
-1
-1
-1
-1
-1
-1
-1
-1
-1
-1
-1
-1
-1
-1
-1
-1
-1
1701
-1
-1
-1
-1
-1
-1
-1
-1
-1
-1
-1
-1
658
-1
-1
-1
-1
-1
-1
-1
-1
-1
-1
-1
-1
-1
-1
-1
-1
-1
-1
-1
-1
-1
-1
-1
-1
-1
-1
-1
22
-1
-1
-1
-1
-1
-1
-1
-1
-1
-1
-1
-1
-1
-1
-1
-1
-1
1736
-1
-1
-1
-1
-1
-1
-1
-1
-1
-1
-1
-1
-1
-1
-1
-1
-1
-1
-1
-1
-1
476
-1
-1
-1
-1
-1
-1
-1
1376
-1
-1
-1
-1
-1
-1
246
-1
-1
-1
-1
-1
-1
-1
-1
-1
1707
1066
-1
-1
-1
-1
-1
510
-1
-1
-1
-1
-1
-1
-1
-1
-1
-1
-1
-1
-1
-1
-1
1766
-1
-1
1432
-1
517
-1
-1
-1
-1
-1
-1
-1
1713
-1
-1
-1
-1
-1
-1
-1
-1
-1
1797
-1
-1
-1
-1
-1
-1
-1
-1
1761
-1
-1
-1
-1
-1
-1
-1
-1
-1
213
-1
-1
-1
-1
-1
-1
-1
-1
-1
-1
-1
1173
-1
1761
-1
1522
-1
-1
-1
-1
-1
-1
-1
-1
-1
107
-1
-1
-1
-1
-1
-1
-1
-1
-1
-1
-1
-1
-1
-1
-1
-1
-1
-1
-1
-1
-1
-1
-1
1564
-1
-1
-1
-1
-1
1761
-1
-1
-1
-1
-1
-1
1173
-1
-1
-1
-1
-1
-1
-1
1707
434
-1
-1
1173
-1
724
-1
-1
-1
-1
-1
-1
-1
-1
-1
-1
-1
-1
1469
-1
-1
-1
-1
-1
353
1472
-1
-1
-1
-1
-1
-1
-1
-1
-1
469
-1
-1
1439
-1
-1
-1
-1
-1
-1
-1
-1
-1
307
-1
-1
1579
-1
-1
-1
-1
-1
-1
1066
-1
-1
1173
1761
-1
-1
1173
-1
-1
-1
-1
-1
-1
-1
-1
-1
-1
1946
-1
1761
-1
155
-1
-1
-1
-1
-1
-1
-1
-1
-1
-1
1761
22
1844
-1
-1
-1
-1
-1
1522
-1
-1
1173
-1
-1
-1
-1
-1
-1
1878
-1
-1
-1
-1
1173
-1
1875
-1
1457
-1
-1
-1
1502
-1
-1
-1
-1
-1
1924
-1
-1
-1
1173
-1
-1
-1
-1
1761
-1
-1
-1
-1
-1
1106
-1
-1
1658
942
-1
-1
-1
-1
-1
-1
-1
1173
-1
-1
942
-1
1115
-1
-1
-1
-1
1398
-1
-1
-1
-1
-1
-1
-1
-1
260
-1
-1
-1
-1
-1
1106
1518
-1
-1
-1
-1
-1
1761
-1
-1
-1
-1
232
-1
-1
1766
1761
1797
-1
-1
942
-1
1027
-1
-1
-1
-1
109
-1
1173
-1
-1
-1
1217
418
469
-1
1037
-1
-1
-1
-1
22
-1
-1
-1
1066
-1
1173
1865
-1
-1
-1
-1
-1
-1
-1
-1
-1
-1
-1
-1
840
22
-1
1199
-1
-1
1821
-1
-1
1330
-1
1173
-1
-1
1751
-1
-1
-1
-1
-1
1736
-1
-1
-1
-1
-1
-1
-1
-1
-1
-1
1761
-1
-1
-1
-1
-1
1330
-1
-1
-1
-1
-1
-1
242
-1
-1
-1
-1
1631
1761
-1
-1
1173
-1
305
-1
-1
-1
664
597
-1
-1
1761
-1
658
1707
-1
-1
300
1059
1761
-1
242
-1
1793
1691
-1
-1
128
405
507
-1
772
1199
-1
-1
-1
1518
1761
1066
-1
-1
1761
-1
-1
-1
157
-1
506
1703
-1
-1
-1
1027
300
1173
1066
-1
1027
-1
1066
-1
-1
839
-1
-1
208
1761
-1
-1
-1
-1
-1
-1
-1
1173
1522
1626
-1
1012
152
-1
1199
-1
-1
-1
-1
1701
1461
-1
1581
-1
1797
-1
-1
1703
-1
-1
772
213
1439
157
-1
-1
-1
-1
456
-1
1736
-1
787
-1
-1
-1
495
1457
-1
1149
1770
305
-1
1761
-1
-1
-1
1766
-1
1090
-1
-1
184
1701
-1
1436
1173
-1
-1
1066
-1
-1
-1
-1
-1
408
-1
-1
1149
-1
-1
-1
257
1631
-1
-1
-1
-1
-1
-1
1159
-1
1707
-1
-1
-1
1048
1439
1761
208
824
91
152
-1
1173
-1
-1
1173
-1
-1
1761
456
-1
1963
-1
305
-1
1199
1761
-1
1714
213
-1
-1
1132
-1
-1
-1
1761
-1
-1
1173
-1
870
-1
1631
-1
836
-1
-1
-1
-1
-1
-1
-1
-1
-1
1184
1707
1245
-1
495
1923
-1
-1
-1
-1
-1
-1
-1
647
-1
-1
-1
-1
-1
213
947
-1
1066
-1
-1
1245
1173
94
-1
1707
-1
1432
-1
469
-1
-1
1761
109
-1
-1
1878
-1
-1
715
1469
-1
1038
1106
-1
-1
-1
305
-1
-1
-1
-1
1173
-1
-1
-1
-1
-1
-1
-1
-1
-1
1216
-1
-1
229
943
1761
-1
399
406
208
-1
-1
-1
-1
513
1173
305
-1
-1
-1
1761
-1
-1
-1
1808
-1
-1
824
-1
467
305
1090
469
1292
1688
-1
-1
1707
585
1707
-1
-1
-1
1180
1066
-1
-1
246
-1
-1
-1
-1
157
-1
-1
-1
44
1761
-1
-1
-1
1436
-1
1216
1906
-1
1285
-1
1707
-1
1410
-1
-1
1173
-1
-1
-1
547
393
642
-1
1631
1012
-1
232
-1
1439
507
870
287
-1
469
-1
-1
-1
213
1518
-1
-1
-1
1173
-1
-1
1581
-1
893
-1
1761
1536
-1
-1
1791
1522
1173
1038
-1
-1
-1
1284
-1
1173
-1
1719
464
-1
-1
1707
1459
1761
1149
393
-1
943
1173
1322
1536
1536
1638
1761
-1
-1
-1
1199
-1
1566
1173
-1
-1
-1
-1
-1
213
1703
1066
-1
1173
139
1721
1282
-1
435
1149
-1
-1
-1
305
-1
1766
-1
1397
-1
229
232
1139
1159
-1
1631
1037
-1
1761
-1
-1
305
871
1626
-1
1173
1736
-1
274
-1
-1
-1
1761
543
1390
1106
478
-1
-1
1766
-1
1059
962
-1
1059
456
-1
300
-1
1066
1915
-1
409
1701
1106
997
1157
-1
1066
779
208
615
-1
94
-1
-1
61
1797
1173
-1
-1
405
1066
1348
1012
110
1173
-1
1249
-1
1038
1921
-1
-1
-1
-1
464
1173
289
-1
-1
94
1106
-1
305
1525
-1
-1
1199
543
1159
1878
1906
1582
227
706
-1
1631
408
1457
-1
323
1926
-1
-1
658
-1
303
-1
-1
1471
1701
759
1878
-1
932
213
-1
-1
1761
-1
-1
-1
-1
22
-1
1791
-1
1631
1038
-1
547
1071
305
109
-1
-1
1761
-1
1132
1053
1707
-1
1701
-1
-1
-1
-1
-1
-1
1761
962
1103
-1
1761
399
-1
405
-1
1012
1651
1115
1173
435
-1
1282
1173
399
-1
937
-1
1066
724
-1
-1
-1
1132
-1
-1
1173
-1
1707
-1
1168
1090
1106
-1
-1
1102
1761
1296
1803
-1
870
435
1878
-1
1038
943
-1
1541
-1
-1
1881
-1
-1
1103
1066
-1
-1
-1
-1
-1
-1
-1
-1
1304
1066
1173
469
-1
1066
-1
-1
-1
1106
-1
-1
1906
-1
1245
870
397
434
1173
1168
-1
1173
1432
1761
300
-1
1474
362
1245
213
627
627
-1
94
1173
1173
1368
-1
1761
-1
-1
1390
1668
1659
397
1761
601
1852
-1
1245
1130
-1
787
1048
1066
-1
-1
-1
1106
109
446
-1
1638
764
1797
942
1736
893
312
456
1766
1066
859
-1
-1
919
-1
-1
1701
157
-1
-1
-1
-1
1106
117
1646
456
-1
213
305
1964
1130
-1
1066
-1
-1
1106
-1
-1
543
-1
-1
213
-1
1442
658
1522
1184
-1
194
706
-1
1199
1439
1719
-1
-1
1761
208
-1
-1
1066
791
-1
870
-1
1245
-1
759
-1
1066
1761
1406
1761
1199
511
257
870
831
604
1643
1766
1631
517
1106
664
-1
-1
1149
549
664
213
1579
-1
705
-1
792
881
1736
-1
1502
1173
1883
109
1039
1038
547
1322
-1
1173
58
213
-1
-1
62
-1
1038
1099
164
-1
1391
1701
-1
1173
-1
1066
-1
1906
381
759
-1
1066
1245
155
543
-1
1066
1541
464
-1
1432
705
-1
1439
1721
-1
988
157
-1
1518
1329
370
1330
-1
-1
-1
1659
1530
1184
-1
1667
128
1090
942
1471
-1
649
-1
-1
1184
1582
1707
1066
-1
1050
-1
1471
-1
-1
213
1173
1131
-1
1132
705
-1
-1
1155
692
-1
1139
-1
219
-1
105
-1
1012
1066
1761
1761
1920
194
-1
943
-1
1005
1707
1761
1330
1707
469
1883
305
1439
405
730
-1
-1
1012
-1
627
-1
-1
870
1808
1245
1719
1245
1422
-1
456
1861
730
1325
-1
1066
-1
1296
-1
1173
1721
-1
1149
1090
1173
-1
405
-1
1939
1636
381
139
-1
156
-1
22
1173
1707
102
-1
1097
-1
-1
1171
1066
-1
1038
162
-1
-1
1199
1915
-1
1059
604
229
1582
1875
-1
-1
66
381
1631
1751
-1
665
96
1173
-1
1232
-1
1609
-1
1707
1688
-1
-1
1703
1066
-1
-1
1761
469
1086
-1
962
1582
1761
1761
-1
1461
1216
164
1386
353
-1
1741
1038
1163
1106
1564
1581
983
-1
438
1198
1410
-1
19
1066
-1
305
962
-1
22
-1
1146
517
-1
1864
-1
1199
1713
1939
983
469
1691
109
1714
792
476
1766
-1
759
1173
855
351
1865
409
-1
-1
-1
543
24
1199
164
305
-1
-1
604
1707
1493
1254
-1
-1
492
1707
1038
-1
305
1420
1410
387
543
9
1436
1845
305
-1
1368
988
1707
1075
-1
-1
1457
1761
24
1360
849
1439
1459
1497
1502
1778
305
-1
105
943
849
-1
1086
1173
1707
1707
1066
601
-1
-1
-1
-1
351
1066
456
305
1199
25
510
1915
-1
665
-1
733
1469
1719
870
22
1018
-1
1493
717
-1
1714
1066
87
1518
305
1746
1393
1122
1318
276
1736
1173
1508
1961
91
1761
464
169
1803
-1
1631
1330
831
1039
94
1761
-1
1707
446
787
1149
1761
1672
962
-1
925
1038
1690
312
25
-1
1209
109
109
-1
692
1184
942
1139
-1
1761
90
-1
-1
-1
-1
423
157
1139
1099
988
1626
1721
-1
-1
153
1761
1422
-1
1284
1646
478
1472
1659
1066
759
658
-1
-1
759
1066
1761
607
1427
208
506
-1
-1
1761
1508
1429
1027
-1
-1
665
1173
759
-1
1761
-1
1703
1173
-1
1721
1038
182
-1
620
370
-1
1170
881
730
227
1761
-1
196
-1
469
-1
388
456
1713
764
434
469
1939
1672
1907
506
-1
-1
-1
1432
1761
1701
988
-1
1159
305
1761
1173
-1
-1
-1
1173
1173
-1
1285
1242
-1
-1
1707
1707
492
-1
1168
1659
1056
-1
478
305
1318
881
-1
755
1761
1761
-1
1707
717
405
1056
543
1920
469
1149
170
587
105
1585
1518
-1
1216
1173
1173
1964
1066
1761
1528
323
1173
-1
1168
1217
381
-1
1536
1761
1906
1497
1436
-1
1159
1719
1761
-1
1245
1761
1173
615
1173
94
1939
1173
1066
157
164
1808
-1
-1
-1
-1
409
164
1946
1199
-1
-1
-1
164
1155
-1
1325
-1
962
-1
-1
522
1407
1038
-1
705
-1
1168
19
-1
435
28
305
-1
1350
-1
705
1919
1761
1199
547
-1
1631
213
-1
1106
1338
323
870
1184
213
31
109
1256
-1
365
647
1761
-1
1761
1854
-1
164
1469
-1
1410
839
-1
1012
543
665
1721
705
-1
1583
881
109
1115
692
-1
117
1469
1707
1066
1713
362
1406
1066
582
1864
759
-1
-1
1447
1090
692
1667
1875
-1
1173
117
164
153
456
1658
870
-1
-1
1090
988
759
1692
1778
524
456
1132
112
-1
1878
1132
1199
-1
1714
-1
627
1173
-1
1149
-1
1066
1173
157
105
1037
719
1173
-1
-1
409
-1
1106
213
1457
1410
1106
-1
1761
1027
859
1360
1115
962
-1
-1
469
1922
31
1420
-1
766
1082
260
1469
-1
87
305
1922
1038
1173
435
1447
1053
1066
157
-1
1182
1761
1761
25
-1
627
1106
94
1245
1518
303
1420
303
213
157
-1
1878
1390
549
937
1761
1736
-1
157
1559
1457
-1
1721
1778
362
22
157
792
543
1173
-1
1714
1854
1692
849
582
1721
-1
456
587
761
705
597
1761
1701
370
1254
1761
1470
665
1106
94
-1
-1
90
988
153
1761
604
94
1184
1420
454
1703
320
1066
759
109
330
456
-1
1199
849
1536
543
1330
1668
1761
1761
1761
-1
1701
1761
1761
1209
1497
-1
1233
-1
1173
658
-1
1701
1420
543
1497
1173
1360
109
870
-1
91
22
1245
1761
1279
327
1066
1005
1778
-1
57
1719
1701
1038
435
1502
692
792
1626
162
128
1146
1012
1707
1232
1400
469
1066
1066
1631
736
1761
1508
1066
1797
-1
469
664
1245
1099
263
-1
1964
24
313
1665
1558
-1
1707
759
169
182
1368
585
1173
94
1279
1469
31
469
615
1173
-1
-1
-1
365
1626
-1
303
-1
1902
351
1420
1090
615
1038
1038
980
688
881
263
276
1173
1199
649
169
454
-1
1864
1761
621
393
-1
157
1878
-1
805
305
1038
1038
313
1304
469
-1
1518
-1
1502
1066
1457
1761
1646
435
-1
1209
435
881
1066
1907
962
1626
1761
1766
1173
208
622
1964
1199
-1
-1
1797
1761
208
-1
157
1083
370
1865
1457
-1
730
1461
1233
-1
406
1284
-1
1457
1659
1585
1701
1173
1184
56
791
658
388
57
1518
-1
1761
194
22
-1
1701
1170
814
-1
276
1090
-1
1736
406
1164
-1
547
154
-1
386
1285
1690
1761
305
1368
912
658
227
1473
469
1066
164
94
-1
1766
1173
1418
1099
152
-1
-1
-1
1360
1330
1173
1173
263
1761
-1
942
305
559
1761
665
1438
1027
469
464
-1
469
-1
1173
1188
202
1173
213
1939
1865
276
1432
300
162
1638
1059
-1
-1
1173
1964
1038
1638
-1
1066
-1
-1
1517
642
208
1102
1168
1338
1461
1360
1090
1322
1714
-1
-1
1631
1707
1707
1963
91
1168
-1
361
157
-1
1199
997
313
1173
-1
-1
1439
313
22
658
1667
1012
1173
1038
1761
305
-1
351
305
1245
1059
1084
1292
274
1925
1182
1907
1760
1844
24
1066
1714
-1
-1
1173
1173
1066
1761
1701
1066
1206
1761
-1
1469
1173
22
1066
1161
765
800
893
1432
1173
819
1736
1703
559
912
1173
1319
-1
1581
1878
1721
375
1066
987
94
56
502
1907
305
1701
1923
1391
-1
765
1083
-1
312
57
457
1209
-1
202
1761
-1
91
-1
620
1066
405
1844
305
-1
109
1796
1761
1168
208
1761
1281
959
1388
1286
469
1199
153
1581
-1
1761
305
1761
870
1066
1703
1808
1906
814
-1
456
1090
128
630
1209
571
1173
287
1907
1484
1282
717
-1
-1
157
1038
1173
1048
201
456
157
1766
1039
1353
1473
1173
128
1864
1209
1517
849
305
1199
805
-1
162
-1
1741
-1
759
1403
208
1149
-1
1939
1199
392
1359
1066
1721
313
456
208
91
543
1761
1149
-1
1418
1939
1736
1651
1761
1651
405
925
1284
301
1330
-1
1282
682
1734
1132
1457
1457
1245
1667
-1
717
1947
1173
1131
1039
-1
91
227
1050
1184
152
313
312
1090
1429
925
213
153
-1
162
1338
1672
1631
1530
-1
1761
1295
688
289
314
1097
83
1066
1761
1939
1325
447
650
-1
-1
-1
871
-1
1173
2
-1
-1
314
1631
1199
-1
855
1242
1199
522
169
1469
1199
-1
456
1690
1039
1199
-1
1939
1761
1199
194
1031
305
1090
435
1519
1310
1066
1808
1929
814
724
881
863
-1
1184
1682
1796
1256
826
-1
-1
1184
962
213
209
1083
1761
22
1506
1721
1310
1751
1199
986
1245
1390
1106
1659
1651
587
-1
1420
959
1643
1701
1719
157
1471
-1
1066
365
717
163
1184
1184
229
1707
538
1059
94
1173
242
1173
738
1439
1310
1761
109
405
1659
1722
-1
-1
94
1875
1012
1508
1388
1439
1066
305
300
-1
849
-1
1761
-1
1249
1751
1422
1188
759
1638
22
1330
1168
1066
1282
109
406
-1
1797
1761
-1
665
1090
-1
1766
-1
1173
22
1653
1066
1906
109
1038
1403
1522
114
819
323
1878
1713
1066
469
-1
1707
164
826
759
469
627
1803
1469
1624
1254
1090
313
1778
613
1356
665
54
1721
1329
1056
447
1373
1907
1714
128
1066
303
1005
-1
1106
1469
881
-1
1066
1410
1173
1418
949
1198
1173
871
1579
-1
1591
1761
94
1875
1038
1173
454
305
652
942
250
1173
779
1199
-1
1038
1761
1444
469
759
1701
1761
1204
252
221
305
871
1199
229
469
116
-1
1038
1457
1761
1457
779
732
1245
1053
1052
1457
276
305
454
386
469
1173
305
692
1761
1438
1039
1817
1469
1182
1647
196
1005
135
-1
1038
1791
1422
1310
1902
1093
-1
128
1090
1518
547
1245
665
426
1457
1066
1199
-1
1173
1173
1097
1066
947
1761
1304
849
157
1808
1056
1875
1721
1038
1766
-1
1707
1173
717
576
1651
-1
1667
498
624
1939
96
1245
1099
169
1052
1775
157
335
-1
688
476
1659
196
305
759
1817
1304
19
604
730
1703
1701
139
1082
1714
988
1925
1292
406
1626
280
988
607
1173
435
301
1880
152
1106
157
552
571
327
1066
708
1106
937
-1
876
1027
1746
792
1659
1209
962
759
-1
1766
647
1721
5
759
1722
1422
1432
706
1230
1907
1564
1090
1518
47
365
1090
1199
1066
1410
665
1518
1131
-1
1778
-1
1484
435
1056
1784
717
1631
692
1910
1840
409
305
305
1631
1066
1736
-1
1797
1714
762
405
22
839
1173
937
1173
1808
537
1902
1809
1576
-1
1793
649
-1
1066
102
1766
1216
792
105
1230
456
855
1090
1286
1707
1059
1591
1173
1390
1130
484
1286
658
1803
1059
986
1310
139
1173
435
375
1714
543
1701
1964
513
761
1840
1031
1066
1039
717
1761
454
759
1766
1519
863
1039
1566
1537
1761
285
705
1875
943
-1
-1
1760
109
492
-1
850
152
1632
1939
213
-1
1714
-1
1672
1581
1817
1368
1438
1888
759
209
925
724
1766
543
1782
855
179
1713
1012
1284
1502
850
456
435
1086
1083
1282
764
305
1469
1282
1888
1245
547
881
1432
1245
1761
850
1422
1926
1212
1132
276
1808
1245
-1
1292
454
1631
863
1946
1761
1059
1469
1761
1122
988
1056
925
1084
139
1536
1457
1184
1713
22
1149
1149
1761
942
24
1647
469
1651
157
1106
118
1861
162
-1
1497
1920
5
58
986
587
1761
1939
1099
863
305
1410
855
1457
1707
1913
583
1926
1245
870
381
1149
1173
408
-1
157
1457
1199
435
-1
1199
1173
1591
1761
1056
1282
1883
1420
-1
392
863
1761
313
647
162
1751
1667
1066
1066
1038
647
787
1168
-1
836
1173
1017
1012
54
652
870
1168
1667
850
257
1653
447
1338
1519
-1
937
405
1066
826
-1
213
1797
1761
1720
1537
469
658
1939
-1
1838
1027
1646
1173
1536
547
-1
919
157
1245
208
1282
1281
1461
1132
1457
1209
1736
1360
-1
-1
1721
1522
-1
1497
905
658
1854
297
1304
83
351
766
157
1761
1242
1766
1701
280
1082
1093
1701
1286
1232
330
157
1180
19
839
375
1329
409
1493
1888
353
1766
705
730
1039
1115
1530
1761
-1
377
759
-1
409
1184
1199
1741
-1
1778
1184
257
1751
814
435
1761
624
1713
1631
1199
-1
219
1809
-1
1947
1038
409
1690
1808
305
1736
1707
1038
692
583
732
1736
1173
1714
305
1797
94
925
1368
1373
24
607
322
1338
334
1106
1484
135
1066
377
1027
547
381
1173
320
1714
1066
708
543
1390
1180
942
1038
381
305
1791
792
732
1631
227
1760
1209
1103
1066
1184
1391
406
162
1881
712
1522
1066
538
1173
1173
792
1403
1418
-1
164
162
1761
1199
1420
647
1474
1518
997
831
1037
300
1168
866
263
630
25
1778
1766
1493
717
1946
1149
1037
1457
1199
1037
1106
314
1168
1666
1761
759
717
585
1808
1864
-1
-1
759
454
582
1360
543
1766
305
1761
772
1038
839
1636
1310
162
1149
1667
9
1517
1090
652
24
1066
54
761
-1
855
1461
1066
1438
937
881
1881
1090
705
90
1066
1245
194
446
988
456
1865
242
83
157
1457
624
814
1840
604
962
700
219
1438
1796
604
759
678
469
436
855
1591
157
1390
1038
1304
1242
1282
157
469
1132
-1
1418
19
1714
1624
1523
624
152
344
-1
1173
305
537
1131
335
1038
1457
1422
213
1168
1591
759
792
1066
1212
1173
547
184
322
469
721
1066
717
1719
1173
849
871
615
1761
1631
1102
1066
1173
305
1359
1245
219
1173
1249
828
456
1519
870
-1
-1
1864
435
181
814
1075
5
1721
1173
1665
1593
607
1173
1420
1761
365
335
109
1761
1761
-1
1066
624
482
855
1342
469
388
322
1056
-1
705
1522
997
1713
652
1714
1038
114
1517
-1
1184
1707
305
1204
1668
1230
54
1582
1566
1066
1066
1761
-1
1576
377
1703
105
1115
90
717
109
305
369
153
1027
457
1761
322
464
116
213
1707
1304
665
1017
169
1659
305
418
1782
1522
1199
855
1018
1701
794
692
469
1422
1719
1149
1947
-1
1474
1761
201
1707
1537
547
1576
1037
1761
1012
305
688
1797
1027
1579
1536
937
705
1701
1484
66
1199
1736
1106
87
1292
942
213
814
870
1017
1066
1878
620
1631
1761
1390
1180
1880
1173
543
1204
678
1295
495
585
1469
1230
615
1337
1337
305
128
1292
658
-1
559
988
1066
814
574
755
1359
1519
805
1766
303
305
1614
1576
112
1184
1184
1473
1875
1875
962
1907
1325
24
239
1198
543
435
1364
114
896
658
980
381
276
761
1038
1719
152
1209
1672
135
1690
1761
1766
833
-1
1180
1518
257
1522
630
1173
1638
925
1714
794
1106
1707
1173
1761
792
322
-1
456
870
522
1880
1691
353
543
335
881
1066
1854
370
-1
1233
1037
1522
1149
434
1168
997
1770
335
469
1106
1216
1282
1012
1761
613
1066
537
650
469
1707
108
576
469
365
-1
322
1761
1528
743
1714
1038
1149
393
1761
1066
1066
469
1947
1199
1282
1322
1066
184
919
962
724
478
1066
1719
1766
184
700
586
543
213
1761
1746
1864
157
1149
162
1281
1766
604
353
434
353
1626
386
-1
24
1422
549
1457
1310
1784
435
456
1314
1647
1199
457
1173
1066
469
1514
1721
1390
96
1624
1256
1761
157
405
1473
1099
305
836
959
1956
94
538
1766
1761
1254
1164
1209
469
209
1761
1222
828
1198
1164
863
1020
1809
610
1296
1522
1719
1719
381
582
305
1840
1090
717
1199
457
665
450
1424
1106
469
303
1766
1522
1907
1330
1245
164
305
1667
1173
1356
1005
418
748
1099
87
1139
1442
1761
1659
653
1690
1910
624
1115
840
1249
1761
1761
469
335
305
313
1761
502
717
1005
492
1517
1566
109
1939
717
1558
585
733
1899
1707
163
1384
1707
1056
105
1199
157
893
-1
1066
1631
305
1761
986
1489
169
620
399
1245
381
305
1059
1027
543
228
1589
287
1173
1457
1173
1199
937
1115
19
1688
759
814
1350
585
1432
1279
529
1631
912
1519
1761
1707
678
1919
128
456
1141
386
1761
1106
1012
1201
730
1518
1447
761
436
-1
1766
1173
476
435
761
313
393
135
622
1173
719
1106
213
1761
87
1668
1907
1947
1497
543
1857
1360
1282
22
1878
289
1761
335
1173
987
1056
538
1083
965
1736
469
1199
1161
109
435
499
730
1907
1609
1173
1647
1707
1591
1173
1245
1707
1056
1761
1666
1474
1310
1809
1173
1356
94
1066
1066
1163
1090
213
1761
1668
1761
435
208
476
469
263
22
1099
761
157
58
1173
1761
849
1149
1444
1761
1410
213
962
1447
434
1066
22
213
870
287
304
263
-1
1066
1875
724
382
370
1116
456
1314
1766
893
169
1457
1761
1907
334
658
1106
213
1690
1199
1870
1209
1761
1469
870
87
213
1766
1482
-1
1522
330
157
194
121
759
1202
717
988
1422
1410
1707
1956
1761
628
164
987
1168
1356
1173
24
1161
397
1090
1766
759
1173
1149
1092
482
1626
1090
91
759
1173
1086
1865
327
108
1090
-1
1090
833
157
1761
1840
1173
1149
274
1418
1946
1173
1921
748
730
1947
1268
1690
94
658
649
870
1518
1168
456
335
1878
759
1751
1755
257
1459
109
1947
962
1921
779
1202
239
1139
705
1173
1245
157
322
1761
208
582
1066
1056
131
1173
454
839
335
1314
109
721
1279
1761
1457
1386
1761
1761
1337
1701
620
152
1066
529
1204
392
418
1027
1864
1012
208
844
435
22
939
387
814
128
1457
1667
1199
1668
1631
949
705
1770
1422
1518
1356
939
164
1038
152
1870
94
721
755
387
2
543
-1
456
1173
170
300
980
1099
620
301
1469
1766
1459
437
574
622
1012
1484
1707
1761
1878
1039
305
24
456
435
-1
305
76
1530
-1
962
1173
162
1761
1761
1457
229
1915
164
1875
305
153
335
1624
1422
31
1778
1039
305
1761
1159
162
361
1439
464
300
1632
1199
1322
870
169
307
1519
1582
962
287
1390
327
435
627
800
652
814
808
870
-1
276
209
610
652
1173
469
1410
700
1066
1038
1707
157
988
305
705
1591
-1
1701
1707
1519
1116
1761
1941
1582
1703
305
94
1017
855
228
1761
1439
405
1667
1808
1920
1667
649
665
1519
1457
305
1690
469
1719
456
1356
1373
1714
128
1761
1106
1173
1173
855
1322
1707
25
682
1591
276
1173
1761
1418
1410
1066
517
1755
1701
1518
289
-1
1457
1514
242
-1
1958
114
543
863
1734
377
1418
1199
1761
-1
947
1518
1115
1872
624
1484
1537
1410
547
1410
1923
1038
1929
405
1090
335
1581
-1
-1
1581
1168
157
1761
62
162
1066
1778
559
181
1721
1473
1141
19
866
1442
361
1875
1173
-1
1473
1360
1854
849
1059
1282
82
1103
759
155
305
1497
1249
1766
-1
1939
1005
1658
1282
759
1038
90
162
1609
791
1761
1390
831
313
1761
1761
1713
881
109
392
447
819
1669
1707
-1
1285
1461
1173
1707
1082
1761
153
1907
652
543
-1
1337
392
1559
1400
1384
1173
335
1761
1589
881
1701
434
1761
658
-1
381
114
1038
201
28
1173
1159
405
1473
665
1541
881
305
213
467
-1
597
54
1522
849
1106
1432
849
1576
305
1659
1282
849
1082
29
213
772
627
1173
469
764
705
135
762
1614
305
988
1436
1852
1576
1149
1284
108
850
1701
700
1173
1817
1131
1707
1173
1761
1838
1457
1808
1906
1761
263
1477
1188
1330
1173
649
1692
622
1012
1099
1356
1082
1796
1659
457
1457
881
469
987
478
1803
1523
436
1870
1907
1131
1198
1184
1497
1522
759
213
409
469
1066
-1
-1
863
139
1350
1173
1083
665
658
627
1766
22
1626
1808
983
942
1031
305
1330
628
665
1913
1784
959
382
1184
435
135
274
855
335
665
1130
205
1707
447
435
301
1719
38
1180
1066
547
1039
1038
208
94
794
958
87
305
1439
213
1313
213
408
1173
1797
263
1420
182
1038
-1
561
1838
1518
1066
1522
980
426
1173
1459
1631
19
1066
819
-1
1647
942
1296
1701
653
766
305
435
658
622
435
791
1168
574
1131
942
305
759
1713
118
942
-1
1701
1173
257
1522
1721
1707
1907
1066
335
62
1626
1872
323
630
1245
1310
1393
942
958
1444
464
157
305
1907
721
194
1038
131
313
1285
1888
855
855
108
1761
1939
1390
447
1164
942
1090
305
305
109
1883
586
1245
1212
1310
1665
335
529
1245
305
1766
1163
408
1667
626
317
794
157
1473
406
1050
213
1161
1761
-1
228
1390
1410
314
1199
958
229
108
335
881
29
464
131
327
1422
110
881
109
456
1090
313
456
1173
1707
362
1721
1173
794
1184
1888
408
-1
997
1066
1212
850
139
581
962
1059
1649
1644
1958
1199
1508
1066
-1
1410
1173
1910
25
863
1038
1173
1701
435
1168
665
5
1880
787
1666
1202
1461
478
1761
1907
1422
381
435
1736
1199
208
327
630
708
54
800
1281
1131
863
1173
1116
1497
937
1761
620
241
988
1173
1173
1209
109
1690
317
1254
1457
863
1216
466
1791
313
1644
1432
1173
988
405
502
1666
1741
1199
1373
850
1020
1422
1130
919
1668
805
169
1803
980
717
761
1342
1310
576
157
855
1530
730
406
1736
152
1314
469
736
658
1099
435
761
1184
1761
1199
1201
1038
1761
1761
1472
409
621
759
87
1736
620
547
382
-1
469
814
919
1761
1012
949
1066
1173
90
1880
1766
1173
1429
543
454
814
213
1372
19
1083
213
263
482
1469
517
1676
1245
1390
-1
1522
1090
1761
1857
1173
1168
647
1059
794
543
353
1180
1713
194
1707
1034
469
1106
213
1282
692
1038
213
44
1701
1173
1038
607
538
1459
1522
1310
831
1314
1870
1518
1337
301
1878
1199
87
375
495
1522
1631
194
1797
1199
883
66
1373
1701
997
1809
1330
87
1392
1855
1038
44
1761
759
883
1310
219
1282
543
1924
1766
1066
881
397
876
82
24
1907
730
1245
1766
1907
1591
297
1522
748
1173
730
855
627
658
1665
1131
1296
1173
1691
276
1649
313
705
1461
377
1201
1659
1913
652
1519
1245
1173
1420
1940
1066
621
647
958
1875
469
1066
1182
1090
1141
1907
1037
22
54
1497
658
543
1037
700
288
759
1212
409
1368
1132
1461
1090
469
962
1761
1541
263
568
375
1940
1422
1761
1760
1719
1254
1939
131
1459
1469
1782
1761
1173
881
1761
1701
549
1761
305
1059
665
1252
1066
947
1761
1373
1230
1356
881
988
1173
1066
374
1707
1857
484
1310
109
405
1644
1493
1322
1161
1038
1707
29
819
849
652
1038
543
102
1522
1038
1888
1163
1173
665
241
1631
1066
1285
1106
1457
1067
759
1875
1631
574
1865
162
543
386
44
1761
375
1149
102
1173
375
1400
1313
960
478
1318
1861
94
96
1272
1701
665
1356
1457
1242
469
665
513
1188
1056
1471
859
1707
665
1940
1350
405
1591
987
779
1066
1707
624
1761
1790
1245
305
1173
1690
437
759
942
334
1761
1245
1392
1591
344
647
305
469
1473
1342
1707
1149
1056
808
208
1872
1209
1518
1631
1392
800
24
943
1564
1666
1707
102
705
1721
1199
1066
1442
1410
1707
1173
1523
947
717
-1
1217
1090
1517
624
1390
-1
1066
437
1410
1310
1338
1581
1761
1422
1245
1473
1106
1457
863
202
1199
712
965
1199
435
297
1707
96
423
1429
1746
274
1761
157
1761
457
665
1761
765
1457
96
1667
405
1173
792
1791
772
1775
1066
905
1469
1106
540
1907
350
1581
94
1173
1348
456
164
543
522
717
665
1761
743
988
1155
863
1082
1168
1722
314
724
881
1161
607
1461
1212
157
1310
1173
925
1199
2
1761
24
469
529
506
759
305
1701
1173
1439
1149
1888
855
1651
717
469
855
109
502
1038
800
393
705
208
1039
1173
307
1484
418
1199
1245
446
1631
1761
305
1324
1736
870
1066
208
647
405
1059
738
988
1761
1199
242
1198
1198
1398
408
1360
1444
1878
44
814
313
1017
1766
1254
1146
1864
1459
1939
1761
759
157
1018
305
965
330
1384
1766
162
1173
94
1422
1173
1707
131
708
1173
1751
1199
522
1457
1360
1668
1233
1406
482
1444
454
1132
1059
800
652
1410
1254
547
1059
392
1038
1173
705
208
1410
708
1059
1173
1881
1761
1168
1410
90
538
1528
1703
942
881
1348
1761
1356
1439
732
507
1576
300
1585
1188
1012
1432
870
467
1761
184
692
1761
604
377
561
1285
1924
1066
962
-1
1420
1864
305
1059
-1
1066
1761
1106
305
1204
435
1432
105
759
1066
1059
937
155
317
1338
1457
1173
708
184
1631
305
1585
94
1295
1198
1761
478
1761
252
1913
664
1667
730
1582
1591
1760
1403
322
1115
502
22
1761
1199
1906
1337
305
942
19
855
1809
1840
1761
1090
1173
1469
1589
1518
537
1084
759
1528
1714
1761
1018
1199
1173
1667
437
1407
705
499
1701
1173
1761
1766
543
194
1132
510
1027
1212
1090
219
1410
1755
484
1173
305
1090
1761
1766
1497
1925
1502
469
1039
1066
152
1875
1066
1761
208
1518
1915
1790
628
1929
365
1038
1473
1766
779
1037
117
1701
1692
665
54
1173
1522
227
469
211
1701
1106
157
1517
10
755
109
24
1701
607
965
305
22
1925
724
943
1038
469
1184
1761
1359
543
377
1631
719
987
1199
320
22
1631
1066
1581
1173
1947
1173
128
313
304
1614
335
1518
1027
1525
22
896
22
1209
1518
1707
1469
456
1589
1410
476
1090
208
1149
1558
1940
664
54
423
759
1761
1163
1701
826
5
213
450
1761
1106
314
1082
506
1103
1173
1790
393
850
1520
1199
1888
305
863
1310
925
626
636
322
82
1714
1199
446
1888
1473
157
1888
905
761
1106
1469
1115
1161
1066
1447
1422
517
1761
1906
705
1766
1066
1530
1714
289
408
1609
1924
1106
1929
213
1631
1922
647
196
-1
1173
1761
863
1359
1245
759
22
522
1173
434
1791
1027
958
1506
988
135
706
229
1497
761
182
988
1173
121
219
1782
543
1403
1313
1106
607
1066
1284
1173
405
1342
705
263
1461
1038
1202
1701
1420
1875
1173
305
561
705
1306
1502
1719
1059
664
305
164
213
1701
700
1666
1173
1066
194
1751
1508
585
478
1457
242
1027
1067
571
1519
157
1279
1761
1591
1245
1631
31
1305
1668
1707
1761
1808
436
705
1741
1522
131
1782
305
871
1230
1410
1461
1761
300
1809
1038
405
1422
772
543
881
1940
1066
658
1173
322
766
522
1066
1066
517
257
157
759
932
1115
1173
1907
1502
239
1180
1066
1809
1838
1522
1217
1457
1012
604
1508
405
1956
1418
958
289
356
162
1751
305
586
1668
1939
1761
610
1173
213
1173
585
1173
1659
1149
1149
1313
1199
987
1761
1393
437
1141
1390
1631
1707
1665
1497
454
942
1518
506
1285
759
1304
1168
1090
759
1131
1864
1173
469
1939
1746
1844
-1
464
1242
314
1707
300
213
1017
423
1173
1536
478
705
1761
1206
473
1940
1305
1721
1173
1872
1778
1066
1506
1324
1692
925
1581
1198
1497
335
1173
408
652
1761
1631
62
307
1719
1631
732
1106
1106
110
870
1390
1761
1173
601
1701
1199
1149
1310
1038
1591
1536
1141
335
1310
1558
627
44
1184
932
1268
1422
943
1245
791
1410
94
1325
1528
1761
1254
583
800
1066
829
1324
652
743
1878
1199
1875
94
208
94
1017
1242
305
706
1761
1059
1173
630
1713
456
1375
1306
1668
988
1525
1761
464
350
1082
1761
194
1761
988
5
179
1173
1286
1066
1066
1350
1761
1939
1736
1173
715
1469
1803
1173
305
24
559
543
1170
1066
1141
1031
958
57
276
1184
849
1701
334
312
859
94
208
1721
213
649
22
678
1761
849
574
305
1106
305
850
313
1106
1106
456
435
241
1522
157
1631
1146
1761
842
335
1899
1090
649
1212
1099
1761
454
824
1631
456
1249
1721
164
826
1281
1691
1461
792
22
157
1668
469
794
1722
464
1714
1935
1141
1038
1736
1803
876
611
469
1173
1282
1180
1245
83
1472
1090
1149
1132
1132
1870
241
1420
426
1027
1875
305
733
988
1459
44
469
1038
446
1761
116
1817
1038
135
543
792
1180
19
1149
1522
305
1184
1940
759
1808
1245
1173
1761
469
1778
1173
91
169
1400
456
1050
958
377
1388
705
682
361
1713
114
128
893
1422
1106
469
1206
706
1410
988
157
604
607
653
305
1106
1066
28
1063
305
649
1761
1459
469
1761
1066
435
1038
808
1132
1805
855
568
1059
135
863
513
1861
1701
28
1063
1519
1761
1707
717
549
863
469
1502
1778
1667
1295
406
1142
719
1132
-1
942
1199
94
1173
1865
1173
1031
855
965
1209
658
814
759
327
1672
855
571
1714
1173
1090
469
305
1471
1793
1714
1410
1796
305
1939
83
22
1803
506
988
1707
1038
658
1469
849
1406
1514
1067
305
1422
759
1761
408
1066
1761
201
1039
1420
330
1212
288
208
1420
1502
1173
1808
1066
1865
1817
76
1066
607
406
239
1038
1522
1199
1761
152
1701
1090
1439
1173
157
1761
1173
665
1329
1665
1067
456
792
1691
717
1438
1707
1888
1919
1027
1037
1883
819
870
239
118
730
426
1090
1106
611
313
1066
1714
418
1199
1173
334
537
905
305
313
1103
1469
208
1471
1173
1688
1525
1295
213
469
1053
1410
870
109
1056
787
1038
304
961
1741
1473
814
456
863
1907
274
464
1719
108
1418
1173
227
109
1066
842
585
1391
305
1958
305
1017
87
1913
1212
1923
227
1066
1667
1103
1106
622
736
305
1066
942
469
1782
1083
1459
213
733
1038
1471
905
1537
1461
162
313
870
121
1199
31
1714
1766
759
1707
1761
905
213
1330
157
627
1457
1701
988
1439
213
717
732
1961
1861
1734
1766
58
1090
1559
586
522
1872
1761
1667
1761
87
1199
285
1442
1356
1761
1027
464
559
1360
399
90
1766
814
205
469
1713
1907
128
1528
1761
1209
937
1459
624
1791
1066
1714
1714
1707
532
1457
22
1761
987
304
855
850
1325
1761
552
1066
715
1761
1797
-1
1701
1285
1005
881
1209
529
157
90
664
157
108
469
409
715
506
434
54
942
1631
1840
870
1356
1875
772
1180
1173
863
1066
1457
622
154
155
1082
1878
1432
1216
1422
1209
1173
1330
1651
208
1242
1667
1131
31
1310
1184
543
1761
808
1519
1390
76
1066
1817
1736
792
7
1808
1168
814
1915
1056
1703
961
10
24
988
469
859
1522
1066
1707
1766
397
312
276
1713
1027
1330
1173
-1
543
949
1707
942
1722
730
184
1082
1099
181
942
1439
1071
1027
1461
1106
1713
627
1736
1518
1766
22
893
1761
1857
1766
543
22
1523
464
1392
863
1018
1173
719
1199
1422
57
715
532
499
1212
300
377
112
506
1518
1672
1282
1407
469
665
1173
1330
1005
1173
1461
1173
1295
1761
213
800
1173
761
1293
1281
405
1766
1282
157
1216
228
469
607
1066
1056
826
1293
305
1027
559
1170
1656
1038
1881
56
730
665
1356
1751
1075
1066
1346
22
1761
469
1037
1805
706
1791
484
423
987
1330
1707
456
1230
1646
1591
1761
1471
1701
1518
721
1690
1536
1168
842
1761
792
1528
724
540
1149
1946
1056
1746
743
759
939
1878
1721
1761
304
1090
98
1173
759
397
305
1474
1714
153
1173
1923
1173
1761
891
1330
1424
1761
1707
1141
313
1701
1525
1719
1906
1066
1659
169
1099
1782
705
1318
317
1342
260
1106
1761
1508
1066
1056
863
22
1517
1669
1173
22
1537
1442
303
1564
1173
1254
1173
219
630
1793
808
305
1130
893
1870
1472
1766
1142
469
335
305
1066
1518
447
208
313
1929
1582
1761
647
1631
213
1713
1701
1766
353
1403
305
334
1422
22
730
-1
157
759
814
1149
706
1701
1356
1714
705
1168
1790
300
152
1066
164
1324
543
1857
925
1721
16
1173
157
374
1761
61
761
1424
1048
219
1356
630
543
1558
114
22
513
610
1766
1506
456
529
1761
1518
1071
157
1964
1719
1388
522
925
1761
1761
682
1761
642
1719
1066
98
1184
1707
1115
94
876
356
1537
478
1778
1038
1761
1173
881
108
456
1173
469
855
1766
1310
787
1184
1199
109
891
1146
1940
320
1766
1131
959
870
285
1432
958
1173
759
1254
1180
1907
381
1857
1285
469
1066
1173
1707
870
1761
1761
1180
353
1761
305
1082
58
1066
532
322
157
1360
323
22
1066
1591
601
1173
1018
1146
1784
1707
1038
1497
276
1808
436
1377
1522
1168
1761
1038
44
1701
1878
1173
1761
208
1282
469
1907
1875
1713
435
1173
1168
1393
313
870
849
814
1173
1581
1173
682
464
1701
1714
543
435
152
766
1707
29
863
1106
1018
855
942
157
1141
335
863
94
1766
543
1173
102
513
705
1707
1502
1013
1761
759
305
1173
1576
464
1472
1537
780
1209
469
1149
1199
305
1038
1626
157
1173
1707
499
344
708
1173
949
112
759
1761
1286
469
1523
559
19
335
1647
1356
1761
665
1048
361
456
1368
1721
1199
759
1870
213
128
1766
1305
1149
1337
91
1132
962
1878
1761
949
1173
344
1719
213
717
1614
435
305
1184
335
1872
377
1761
761
706
1701
305
1457
118
1444
1173
28
135
1090
1130
871
353
814
1245
1066
1324
1736
1131
1525
849
187
1284
824
1066
1484
1106
850
405
1245
1761
454
1168
1872
1626
1285
335
1707
57
1803
456
1541
1059
405
1576
1522
435
1090
1461
1667
1761
469
1173
1469
1958
1012
435
621
1469
1106
1173
1099
418
1106
759
365
1090
1173
28
1337
1589
1906
1173
1209
1920
705
1439
1132
1292
942
227
1439
705
1099
1318
1522
1707
759
1027
1099
1925
1736
1906
1632
1766
1793
1149
436
1761
87
170
1018
162
213
743
1522
543
1719
1131
169
153
1216
1347
802
1184
855
1018
759
446
1761
213
549
1173
988
712
1761
1878
38
859
1647
313
1631
305
962
1666
456
1624
1626
1838
1337
1082
435
1410
988
794
1161
1444
335
1907
1206
464
305
1956
1707
522
1457
1461
1045
759
337
213
1457
881
1805
350
1692
1541
1528
492
1761
169
863
435
9
942
435
1149
305
988
405
213
317
1964
1964
1707
1238
893
1667
1005
1651
1039
987
1173
1669
105
164
1558
22
665
1457
305
1173
1522
205
109
1864
1522
1038
1766
1206
1667
1106
94
1066
1066
706
1375
179
1631
831
1518
1199
1393
1707
1090
305
1439
717
1173
1322
208
1330
426
942
949
194
1066
1182
1039
377
1422
1761
1066
876
905
1581
568
228
447
94
1803
962
1282
925
1888
1875
353
506
31
1066
1734
1713
1066
1439
849
1066
82
22
1356
1761
109
1803
1103
543
1878
1330
1066
314
1647
163
1947
1360
285
1083
305
313
16
881
1066
1461
1701
1875
502
211
1902
114
538
28
1522
169
1012
436
386
665
1173
435
1173
1432
1707
1844
435
765
1631
1541
1474
1056
1245
1066
1161
759
543
547
839
1631
1714
1631
1066
961
300
1719
1106
406
109
1626
587
540
1751
1940
1518
1736
1170
1391
893
1766
1284
22
1039
1173
469
547
1644
1388
382
22
1714
1761
1279
1457
1209
94
1359
464
1457
435
305
1360
1325
405
1245
1881
466
988
1457
94
678
435
1461
406
1066
1066
547
1766
1377
1761
1761
1173
1173
587
1230
1066
1295
1202
213
1420
1406
435
522
1393
863
312
743
1614
958
157
761
824
1038
1027
627
678
162
876
1439
1017
241
1286
1761
499
1939
1939
1342
1939
105
1864
1031
19
1131
724
1719
1083
1907
1519
855
1701
1209
988
153
1667
1377
1059
665
1518
779
537
1066
1305
1173
211
772
761
1173
300
162
434
1106
1669
1330
1471
762
1310
1541
1018
499
1939
109
1141
624
1830
229
794
213
1012
1714
671
1665
22
1012
1066
1173
1132
1899
1707
1184
118
1406
1038
1797
1039
1038
1090
335
1761
1115
1522
717
1761
1161
1582
987
1039
1906
1059
870
624
1766
1075
24
1161
1282
1066
705
1039
469
1245
965
962
1330
942
942
543
870
1386
1173
109
1732
1457
850
1168
1791
1447
1173
814
1808
766
1626
1245
805
1173
1066
705
1420
162
1116
759
1694
1384
322
700
118
105
863
730
1330
1482
82
863
855
1707
585
665
1204
454
1741
317
665
1537
1338
942
1923
1053
1066
297
1469
1115
543
766
1766
1701
24
157
1631
1473
456
1356
1719
1090
1161
980
849
22
1899
353
943
1093
405
1838
1497
1906
276
1474
939
478
314
658
1809
446
1173
1149
58
855
1242
56
1173
1066
305
397
1066
1669
1313
469
1761
543
1066
1245
1473
1249
1204
759
1173
1330
1761
1714
435
1713
1469
1429
647
942
1707
377
435
365
1245
759
1523
1519
1701
335
1761
109
1761
622
1713
1761
721
1184
842
157
1746
1342
840
1761
1146
1474
307
1184
1067
1761
135
1199
313
1066
162
353
1199
1245
1173
387
839
792
607
105
456
356
1864
1066
469
1106
1676
1714
1761
90
1649
1184
1268
1410
1761
1059
1864
866
229
116
1707
356
1103
1406
1778
1245
1056
108
706
1066
1667
1941
22
1803
805
863
708
22
1056
109
1518
263
1920
1056
313
1083
988
1173
1159
650
649
57
182
649
1707
300
469
1582
1761
1410
1964
208
386
1422
844
313
305
849
305
1066
1059
1589
1935
1444
1090
1420
1149
305
932
748
1761
187
743
717
1761
1690
855
1410
805
387
1631
1878
1880
405
1059
1066
1519
1066
98
105
1701
759
547
988
1013
759
1457
1173
870
1310
1881
1864
361
162
1797
1422
1390
456
1038
22
1761
469
522
568
164
1017
1778
456
109
213
1878
1644
1018
1541
547
855
313
705
1310
1173
1469
610
157
876
1050
1719
1761
1173
1059
1199
1350
700
1066
1667
232
1422
1701
1694
983
1216
2
305
870
1582
719
506
1761
456
469
1631
1701
700
1053
469
1209
1939
213
1668
454
829
1199
1797
1245
1173
765
22
1173
116
1066
604
819
730
22
1173
1322
305
1714
1066
1086
1585
28
405
1766
1447
381
300
94
628
1522
1056
58
456
983
362
131
1651
1066
1066
1444
743
1038
1330
1775
1245
469
405
1591
1766
327
1420
1761
1122
1199
1066
1761
1310
305
1672
715
1422
1146
1808
1888
1075
1103
517
1233
1713
1199
1066
1038
-1
708
377
1082
437
1173
437
1424
1056
1766
1761
1184
759
1173
547
157
765
719
721
1854
335
1761
454
1514
1690
276
762
313
1667
450
194
409
24
153
1360
805
1707
622
849
1209
839
337
1939
305
881
1256
1403
1066
537
330
1473
1149
543
547
1056
1410
1141
25
1736
1522
1209
1838
1393
-1
1037
1184
1766
1714
1906
1631
307
1707
1761
213
1075
1090
1530
456
939
157
658
469
157
1761
1324
1522
433
1880
1891
1707
1790
1459
1482
987
1864
730
1761
1817
1199
484
1519
665
736
1005
1067
1667
893
1418
870
1422
1400
1346
1796
353
469
1284
162
1368
1012
1761
1766
1173
712
280
883
305
1644
1209
688
1390
1099
1719
759
1066
1761
759
1528
532
1386
630
76
1184
543
863
469
109
761
1164
423
456
1766
1864
94
705
1939
1857
1184
1457
91
335
435
1038
1838
1149
705
405
1761
213
1766
1444
1447
305
1066
1296
1173
925
1418
405
1878
1714
305
1469
1519
958
1005
1392
1761
276
732
1761
1075
1118
1522
1170
1180
1217
305
1589
1066
1939
664
56
1173
314
1242
1322
1168
456
1626
1173
1692
1864
1173
1840
1209
1066
586
700
1646
1761
1888
1865
1755
1142
377
1907
863
170
423
157
1797
1761
157
759
1212
1066
1149
942
506
1106
22
96
1313
157
759
105
1778
304
1209
1173
1707
116
1090
181
665
157
1755
1525
1306
1142
855
469
893
1875
1245
1522
988
305
1066
313
1066
1420
1761
717
157
1929
1761
1422
1245
988
942
38
543
313
469
1106
597
665
153
109
464
1907
1701
164
377
1746
1318
154
1338
1482
585
1566
1631
1631
94
1875
1474
543
537
219
1106
925
730
814
128
1761
1694
1761
135
435
1146
721
344
1173
1692
1920
1173
1230
1522
1644
850
1267
1393
1736
1132
1797
1173
1245
1528
583
469
1066
743
1707
1464
208
1797
94
305
22
1090
317
1406
917
549
664
1155
1106
1734
469
1082
1714
1066
1713
881
1059
1359
1707
952
1707
152
628
1082
1865
881
211
1037
1209
1066
905
732
208
937
724
320
1761
939
1766
1736
1037
1173
1173
1159
1038
1541
1457
1840
1484
1173
814
109
1059
162
1707
194
1906
1736
1719
513
1803
658
1525
1005
434
949
1393
1245
988
1407
387
1066
1310
540
1761
1173
1173
22
1761
1907
543
152
604
1427
469
1122
464
405
454
469
1870
1761
1766
1056
1245
1173
1173
164
1048
87
1522
446
374
755
1149
1878
942
1457
305
157
1106
1803
1199
1038
1701
1632
91
112
1713
263
1692
1761
469
664
24
717
1736
1631
1038
705
855
708
1667
1184
1386
791
1038
1761
381
1199
1444
1471
208
1488
1683
241
1182
157
1736
1667
1558
621
22
1591
387
1736
464
1242
335
156
627
1672
1173
285
1761
1719
705
