-1
-1
-1
-1
-1
-1
-1
-1
-1
-1
-1
-1
-1
-1
-1
-1
-1
-1
-1
-1
-1
-1
-1
-1
-1
-1
-1
-1
-1
-1
-1
-1
-1
-1
-1
-1
-1
-1
-1
-1
-1
-1
-1
-1
-1
-1
-1
-1
-1
-1
-1
-1
-1
-1
-1
-1
-1
-1
-1
-1
-1
-1
-1
-1
-1
-1
-1
-1
-1
-1
-1
-1
-1
-1
-1
-1
-1
-1
-1
-1
-1
-1
-1
-1
-1
-1
-1
-1
-1
-1
-1
-1
-1
-1
-1
-1
-1
-1
-1
-1
-1
-1
-1
-1
-1
-1
-1
-1
-1
-1
-1
-1
-1
-1
-1
-1
-1
-1
-1
-1
-1
-1
-1
-1
-1
-1
-1
-1
-1
-1
-1
-1
-1
-1
-1
-1
-1
-1
-1
-1
-1
-1
-1
-1
-1
-1
-1
-1
-1
-1
-1
-1
-1
-1
-1
-1
-1
-1
-1
-1
-1
-1
-1
-1
-1
-1
-1
-1
-1
-1
-1
-1
-1
-1
-1
-1
-1
-1
-1
-1
-1
-1
-1
-1
-1
-1
-1
-1
-1
-1
-1
-1
-1
-1
-1
-1
-1
-1
-1
-1
-1
-1
-1
-1
-1
-1
-1
-1
-1
-1
-1
-1
-1
-1
-1
-1
-1
-1
-1
-1
-1
-1
-1
-1
-1
-1
-1
-1
-1
-1
-1
-1
-1
-1
-1
-1
-1
-1
-1
-1
-1
-1
-1
-1
-1
-1
-1
-1
-1
-1
-1
-1
-1
-1
-1
-1
-1
-1
-1
-1
-1
-1
-1
-1
-1
-1
-1
-1
-1
-1
-1
-1
-1
-1
-1
-1
-1
-1
-1
-1
-1
-1
-1
-1
-1
-1
-1
-1
-1
-1
-1
-1
-1
-1
-1
-1
-1
-1
-1
-1
-1
-1
-1
-1
-1
-1
-1
-1
-1
-1
-1
-1
-1
-1
-1
-1
-1
-1
-1
-1
-1
-1
-1
-1
-1
-1
-1
-1
-1
-1
-1
-1
-1
-1
-1
-1
-1
-1
-1
-1
-1
-1
-1
-1
-1
-1
-1
-1
-1
-1
-1
-1
-1
-1
-1
-1
-1
-1
-1
-1
-1
-1
-1
-1
-1
-1
-1
-1
-1
-1
-1
-1
-1
-1
-1
-1
-1
-1
-1
-1
-1
-1
-1
-1
-1
-1
-1
-1
-1
-1
-1
-1
-1
-1
-1
-1
-1
-1
-1
-1
-1
-1
-1
-1
-1
-1
-1
-1
-1
-1
-1
-1
-1
-1
-1
-1
-1
-1
-1
-1
-1
-1
-1
-1
-1
-1
-1
-1
-1
-1
-1
-1
-1
-1
-1
-1
-1
-1
-1
-1
-1
-1
-1
-1
-1
-1
-1
-1
-1
446
-1
-1
-1
-1
-1
-1
-1
-1
-1
-1
-1
-1
-1
-1
-1
-1
-1
-1
-1
-1
-1
-1
-1
-1
-1
-1
-1
-1
-1
-1
-1
-1
-1
-1
-1
-1
-1
-1
-1
-1
-1
-1
-1
-1
-1
-1
-1
-1
-1
-1
-1
-1
-1
-1
-1
-1
-1
-1
-1
-1
-1
-1
-1
-1
-1
-1
-1
-1
-1
-1
-1
-1
-1
-1
-1
-1
-1
-1
-1
-1
-1
-1
-1
-1
-1
-1
-1
-1
-1
-1
-1
-1
-1
-1
-1
-1
-1
-1
-1
-1
-1
-1
-1
-1
-1
-1
-1
-1
-1
-1
-1
-1
-1
-1
-1
-1
-1
-1
-1
-1
-1
-1
-1
-1
-1
-1
-1
-1
-1
-1
-1
-1
-1
-1
-1
-1
-1
-1
-1
-1
-1
-1
-1
-1
-1
-1
-1
-1
-1
-1
-1
-1
-1
-1
-1
-1
-1
-1
-1
-1
-1
-1
-1
-1
-1
-1
-1
-1
-1
-1
-1
-1
-1
-1
-1
-1
-1
-1
-1
-1
-1
-1
-1
-1
-1
-1
-1
-1
-1
-1
-1
-1
-1
-1
-1
-1
-1
-1
-1
-1
-1
-1
-1
-1
-1
-1
-1
-1
-1
-1
-1
-1
-1
-1
-1
-1
-1
-1
-1
-1
-1
-1
-1
-1
-1
-1
-1
-1
-1
-1
-1
-1
-1
-1
-1
-1
-1
-1
-1
-1
-1
-1
-1
-1
-1
-1
-1
-1
-1
-1
-1
-1
-1
-1
-1
-1
-1
-1
-1
111
-1
-1
-1
-1
-1
-1
-1
-1
-1
-1
-1
-1
-1
-1
-1
-1
-1
-1
-1
-1
-1
-1
-1
-1
-1
-1
-1
-1
-1
-1
-1
-1
-1
-1
-1
-1
-1
-1
-1
-1
-1
-1
-1
-1
-1
-1
-1
-1
-1
-1
-1
-1
-1
-1
-1
-1
-1
-1
-1
-1
-1
-1
-1
-1
-1
-1
-1
-1
-1
-1
-1
-1
-1
-1
-1
-1
-1
-1
-1
-1
-1
-1
-1
-1
-1
-1
-1
-1
-1
-1
-1
-1
-1
-1
-1
-1
-1
-1
-1
-1
-1
-1
-1
-1
-1
-1
-1
-1
-1
-1
-1
-1
-1
-1
-1
-1
-1
-1
-1
-1
-1
-1
-1
-1
-1
-1
-1
-1
-1
-1
-1
-1
-1
-1
-1
-1
-1
-1
-1
-1
-1
-1
-1
-1
-1
-1
-1
-1
-1
-1
-1
-1
-1
-1
-1
-1
-1
-1
-1
-1
-1
-1
-1
-1
-1
-1
-1
-1
-1
-1
-1
-1
-1
-1
-1
-1
-1
-1
-1
-1
-1
-1
-1
-1
-1
-1
-1
-1
-1
-1
-1
-1
-1
-1
-1
-1
-1
-1
-1
-1
-1
-1
-1
-1
-1
-1
-1
-1
-1
-1
-1
-1
-1
-1
-1
-1
-1
-1
-1
-1
-1
-1
-1
-1
-1
-1
-1
-1
-1
-1
-1
-1
-1
-1
-1
-1
-1
-1
-1
-1
-1
-1
-1
-1
-1
-1
-1
-1
-1
-1
-1
-1
-1
-1
-1
-1
-1
-1
-1
-1
-1
-1
-1
-1
-1
-1
-1
-1
-1
-1
-1
-1
-1
-1
-1
-1
-1
-1
-1
-1
-1
-1
-1
-1
-1
-1
-1
-1
-1
-1
-1
-1
-1
-1
-1
-1
-1
-1
-1
-1
-1
-1
-1
-1
-1
-1
-1
-1
-1
-1
-1
-1
-1
-1
-1
-1
-1
-1
-1
-1
-1
-1
-1
-1
-1
-1
-1
-1
-1
-1
-1
-1
-1
-1
-1
-1
-1
-1
-1
-1
-1
-1
-1
-1
-1
-1
-1
-1
-1
-1
-1
-1
-1
-1
-1
-1
-1
-1
-1
-1
-1
-1
-1
-1
-1
-1
-1
-1
-1
-1
-1
-1
-1
-1
-1
-1
-1
-1
-1
-1
-1
-1
-1
-1
-1
-1
-1
-1
-1
-1
-1
-1
-1
-1
-1
-1
-1
-1
-1
-1
-1
-1
-1
-1
-1
-1
-1
-1
-1
-1
-1
-1
-1
-1
-1
-1
-1
-1
-1
-1
-1
-1
-1
-1
-1
-1
-1
-1
-1
-1
-1
-1
-1
-1
-1
-1
-1
-1
-1
-1
-1
-1
-1
-1
-1
-1
-1
-1
-1
-1
-1
-1
-1
-1
-1
-1
-1
-1
-1
-1
-1
-1
-1
-1
-1
-1
-1
-1
-1
-1
-1
-1
-1
-1
-1
-1
-1
-1
-1
-1
-1
-1
-1
-1
-1
-1
-1
-1
-1
-1
-1
-1
-1
-1
-1
-1
-1
-1
-1
-1
-1
-1
-1
-1
-1
-1
-1
-1
-1
-1
-1
-1
-1
-1
-1
-1
-1
-1
-1
-1
-1
-1
-1
-1
-1
-1
-1
-1
-1
-1
-1
-1
-1
-1
-1
-1
-1
-1
-1
-1
-1
-1
-1
-1
-1
-1
-1
-1
-1
-1
-1
-1
-1
-1
-1
-1
-1
-1
-1
-1
-1
-1
-1
-1
-1
-1
-1
-1
-1
-1
-1
-1
-1
-1
-1
-1
-1
-1
-1
-1
-1
-1
-1
-1
-1
-1
-1
-1
-1
-1
-1
-1
-1
-1
-1
-1
-1
-1
-1
-1
-1
-1
-1
-1
-1
-1
-1
-1
-1
-1
-1
-1
-1
-1
-1
-1
-1
-1
-1
-1
-1
-1
-1
-1
-1
-1
-1
-1
-1
-1
-1
-1
-1
-1
-1
-1
-1
-1
-1
-1
-1
-1
-1
-1
-1
-1
-1
-1
-1
-1
-1
-1
-1
-1
-1
-1
-1
-1
-1
-1
-1
-1
-1
-1
-1
-1
-1
-1
-1
-1
-1
-1
-1
-1
-1
-1
-1
1834
-1
-1
-1
-1
-1
-1
-1
-1
-1
-1
-1
-1
-1
-1
-1
-1
1817
-1
-1
-1
-1
-1
-1
-1
-1
-1
1369
-1
-1
-1
-1
-1
-1
-1
-1
-1
-1
-1
-1
-1
-1
-1
-1
-1
-1
-1
-1
-1
-1
-1
-1
-1
-1
-1
-1
-1
-1
-1
-1
-1
-1
-1
-1
-1
-1
-1
-1
-1
-1
-1
-1
-1
-1
-1
-1
-1
-1
-1
-1
-1
-1
-1
-1
-1
-1
-1
-1
-1
-1
-1
-1
-1
-1
-1
-1
-1
-1
-1
-1
-1
-1
-1
-1
-1
-1
-1
-1
-1
-1
-1
-1
-1
-1
-1
-1
-1
-1
-1
-1
-1
-1
-1
-1
-1
-1
-1
-1
-1
-1
-1
-1
-1
-1
-1
-1
-1
-1
-1
-1
-1
-1
-1
-1
-1
-1
-1
-1
-1
-1
-1
-1
-1
-1
-1
-1
-1
-1
-1
-1
-1
-1
-1
-1
-1
-1
-1
-1
-1
-1
-1
-1
-1
-1
-1
-1
-1
-1
-1
-1
-1
-1
-1
-1
-1
-1
-1
-1
-1
-1
-1
-1
-1
-1
-1
-1
-1
-1
-1
-1
-1
-1
-1
-1
-1
-1
-1
-1
-1
-1
-1
-1
-1
-1
-1
-1
-1
-1
-1
-1
-1
-1
-1
-1
-1
-1
-1
-1
-1
-1
-1
-1
-1
-1
-1
-1
-1
-1
-1
-1
-1
-1
-1
-1
-1
-1
-1
-1
-1
-1
-1
-1
-1
-1
-1
-1
-1
-1
-1
-1
-1
-1
-1
-1
-1
-1
-1
-1
-1
-1
-1
-1
-1
-1
-1
-1
-1
-1
-1
-1
-1
-1
-1
-1
-1
-1
-1
-1
-1
-1
-1
-1
-1
-1
-1
-1
-1
-1
-1
-1
931
-1
-1
-1
-1
-1
-1
-1
-1
-1
-1
-1
-1
-1
-1
-1
-1
-1
-1
-1
-1
-1
-1
-1
-1
-1
-1
-1
-1
-1
-1
-1
-1
-1
-1
-1
-1
-1
-1
-1
-1
-1
-1
-1
-1
-1
-1
-1
-1
-1
-1
-1
-1
-1
-1
-1
-1
1095
-1
-1
-1
-1
-1
-1
-1
-1
-1
-1
-1
-1
-1
-1
-1
-1
-1
-1
-1
-1
-1
-1
-1
1456
-1
-1
-1
-1
1434
-1
-1
-1
-1
-1
-1
-1
-1
-1
-1
-1
-1
-1
1226
-1
-1
-1
-1
-1
-1
-1
-1
-1
-1
-1
-1
-1
-1
370
-1
-1
-1
-1
-1
-1
-1
-1
-1
-1
-1
-1
644
-1
-1
-1
-1
-1
-1
-1
-1
-1
-1
370
-1
-1
-1
-1
-1
-1
-1
-1
-1
-1
1351
-1
-1
-1
-1
370
-1
-1
-1
-1
-1
-1
-1
-1
1807
-1
-1
275
-1
-1
-1
644
-1
-1
-1
-1
-1
540
-1
-1
-1
-1
-1
-1
-1
-1
-1
-1
-1
-1
-1
-1
-1
1004
1005
-1
1834
-1
-1
-1
-1
-1
-1
-1
-1
-1
-1
-1
-1
1270
-1
-1
-1
-1
-1
-1
-1
-1
-1
-1
-1
308
-1
-1
-1
-1
-1
-1
931
-1
1834
-1
-1
-1
-1
644
-1
-1
-1
-1
-1
-1
-1
-1
-1
-1
-1
-1
-1
-1
-1
-1
-1
-1
-1
-1
-1
-1
-1
-1
-1
-1
-1
-1
-1
1004
-1
967
1351
-1
1351
-1
-1
1572
-1
-1
-1
-1
-1
-1
-1
1434
-1
-1
-1
-1
-1
-1
-1
-1
-1
-1
-1
167
-1
-1
-1
-1
-1
-1
-1
-1
910
-1
-1
313
-1
553
-1
-1
-1
-1
-1
-1
-1
-1
-1
-1
-1
-1
1572
-1
-1
-1
-1
-1
-1
-1
-1
313
-1
1095
-1
-1
-1
-1
1413
-1
1434
-1
-1
1834
-1
-1
-1
-1
-1
-1
-1
-1
1434
455
-1
190
-1
-1
-1
-1
1434
-1
-1
433
-1
-1
-1
-1
-1
910
-1
-1
-1
1434
-1
-1
-1
-1
-1
-1
-1
1434
-1
-1
-1
1252
-1
644
-1
-1
1351
75
-1
-1
-1
1572
-1
273
-1
-1
-1
-1
-1
-1
-1
-1
-1
-1
-1
-1
-1
-1
-1
942
134
644
1434
-1
-1
-1
-1
-1
-1
-1
-1
-1
-1
-1
275
-1
-1
-1
-1
1176
134
1342
-1
177
-1
-1
1735
-1
275
1181
-1
518
-1
-1
697
-1
-1
-1
-1
262
644
-1
-1
-1
-1
644
-1
-1
412
-1
-1
513
1095
-1
1434
-1
-1
-1
553
903
-1
-1
1018
-1
-1
1323
664
-1
433
-1
-1
-1
-1
1434
-1
-1
-1
-1
-1
812
-1
1095
1095
-1
370
-1
-1
-1
779
403
412
215
-1
1498
644
982
-1
313
1297
-1
-1
-1
-1
931
-1
-1
-1
1413
-1
-1
-1
-1
-1
-1
-1
-1
1181
-1
625
-1
-1
-1
1434
-1
1834
-1
370
-1
-1
-1
-1
-1
-1
-1
134
-1
-1
-1
553
-1
-1
412
275
-1
-1
1004
-1
1210
-1
-1
-1
1351
-1
975
197
1087
553
-1
-1
-1
313
-1
-1
553
-1
1426
-1
134
-1
-1
1834
-1
379
-1
-1
-1
-1
-1
-1
644
-1
303
-1
134
-1
-1
-1
-1
134
-1
-1
-1
-1
1351
-1
-1
-1
-1
-1
-1
-1
1225
-1
-1
-1
412
1765
-1
-1
1810
-1
-1
-1
-1
1434
-1
-1
-1
134
-1
-1
-1
188
1434
-1
-1
664
644
-1
625
-1
840
370
-1
-1
-1
644
644
-1
-1
1661
-1
-1
-1
-1
-1
1308
-1
644
-1
964
-1
-1
-1
501
-1
-1
181
-1
-1
1434
1631
-1
597
-1
455
815
-1
1834
-1
-1
-1
-1
1566
134
-1
-1
370
1612
-1
-1
92
1722
-1
-1
-1
-1
412
525
1834
370
293
-1
32
-1
945
177
1460
1330
-1
995
1509
-1
644
678
644
772
1834
-1
77
-1
1018
-1
313
1763
273
-1
-1
54
134
1834
-1
-1
-1
-1
376
-1
412
644
-1
-1
134
1898
-1
-1
-1
-1
1740
-1
-1
-1
1095
1434
-1
1420
-1
-1
370
-1
385
-1
-1
1482
134
738
-1
1710
-1
275
403
291
-1
-1
-1
376
-1
-1
-1
-1
-1
-1
-1
-1
1919
-1
1216
-1
1434
313
-1
-1
313
-1
403
-1
1320
134
-1
553
-1
-1
644
1351
622
-1
1266
1275
-1
1351
-1
664
-1
644
597
553
-1
-1
-1
-1
-1
-1
-1
-1
-1
-1
1834
964
-1
-1
1509
1754
1498
644
-1
-1
370
-1
276
1434
917
54
-1
-1
-1
136
-1
1095
1448
313
207
-1
-1
433
1752
-1
-1
-1
-1
597
1729
-1
-1
828
-1
-1
347
-1
313
313
-1
-1
-1
1434
-1
628
1276
1434
-1
1792
1095
-1
-1
-1
134
983
1476
-1
433
-1
1434
1139
-1
645
1834
1822
134
275
-1
1269
1729
-1
-1
1674
538
601
1753
1266
1707
1108
-1
1443
-1
177
134
-1
-1
-1
-1
-1
134
-1
1252
644
1095
617
644
1460
-1
134
86
-1
370
227
703
-1
92
1507
1792
-1
815
-1
553
-1
553
644
-1
931
910
-1
1434
1434
-1
-1
567
-1
370
1095
1740
910
-1
1369
235
-1
92
433
1434
1834
525
1434
1446
513
1095
134
-1
403
1834
275
-1
-1
-1
-1
-1
-1
-1
-1
321
859
1707
-1
1857
181
1605
313
738
-1
-1
644
403
1252
-1
313
-1
134
1834
1572
779
-1
-1
146
-1
229
371
1509
370
-1
325
-1
-1
-1
663
1252
1834
678
-1
-1
-1
-1
-1
1834
1735
1109
-1
-1
-1
227
453
1509
-1
1351
-1
129
-1
931
-1
1095
-1
735
-1
738
-1
899
-1
-1
421
207
1095
-1
1181
553
553
-1
622
544
1156
418
-1
-1
-1
1095
325
1834
1810
-1
982
910
313
1117
738
1225
866
-1
-1
594
-1
313
-1
197
1224
433
-1
1720
173
-1
-1
1184
-1
-1
-1
313
772
738
-1
313
403
1785
177
-1
-1
958
140
1834
-1
597
-1
-1
644
-1
550
-1
-1
-1
-1
-1
942
1039
1216
538
-1
-1
-1
86
207
313
1252
-1
1351
-1
1082
-1
-1
32
-1
167
134
1834
-1
496
1434
193
412
1419
293
129
989
-1
-1
134
188
738
188
313
176
-1
1879
1456
702
32
-1
700
1632
717
-1
-1
-1
663
-1
-1
1275
-1
-1
553
-1
-1
313
184
173
1523
111
-1
-1
1729
-1
553
-1
-1
-1
931
1605
273
772
1632
738
-1
-1
-1
644
1351
1351
-1
-1
-1
-1
-1
644
418
-1
-1
-1
-1
1834
-1
-1
-1
645
134
-1
1413
1792
313
746
227
-1
-1
-1
518
-1
-1
1612
83
-1
1795
370
1729
-1
1819
-1
140
92
-1
513
-1
-1
1351
-1
1088
-1
-1
-1
1632
-1
644
644
-1
1420
-1
1729
-1
644
-1
-1
663
609
-1
-1
197
1413
-1
1632
992
1243
1533
453
995
1834
1434
-1
376
-1
644
-1
970
173
-1
-1
173
-1
544
1683
-1
1434
931
1729
1318
134
644
-1
910
-1
313
513
644
678
-1
146
644
-1
134
1711
622
1087
1460
1351
1095
1004
-1
609
-1
188
446
1419
197
1810
644
1109
275
1434
1266
1428
1095
-1
403
644
717
-1
75
-1
644
-1
-1
-1
-1
910
553
910
1342
-1
1095
1277
1039
-1
-1
1412
644
1834
1085
1419
370
207
-1
134
738
176
1353
-1
644
-1
-1
1869
-1
-1
-1
-1
772
176
-1
-1
-1
-1
-1
992
446
83
1266
446
1931
1443
1834
-1
1729
1729
967
207
700
146
176
-1
1552
-1
1434
-1
1717
-1
1095
1413
-1
1320
-1
-1
953
1728
518
989
-1
1533
628
-1
412
852
779
-1
756
291
1834
207
1674
-1
1571
-1
161
1005
644
664
-1
275
840
894
176
597
989
1031
1729
904
1619
-1
17
1039
207
330
303
644
639
-1
1138
-1
425
412
992
-1
-1
188
1735
910
953
1193
1252
1707
-1
276
1434
1351
1834
1434
1729
-1
-1
1605
1184
-1
412
597
-1
-1
1095
1572
291
1330
1960
-1
513
1416
513
644
989
158
644
931
-1
645
1156
59
1810
-1
-1
-1
83
-1
1819
1266
-1
-1
1632
1117
1810
942
-1
1329
134
513
-1
-1
920
-1
735
1351
1717
1632
313
-1
644
-1
663
-1
746
1810
-1
-1
-1
370
1632
1108
1181
1587
1277
-1
207
134
-1
-1
-1
-1
313
-1
-1
1156
-1
-1
-1
188
-1
1834
373
54
1266
134
76
1434
-1
1351
412
989
1351
606
1434
644
313
474
370
553
1226
1683
1225
551
1369
275
1184
227
-1
1266
-1
1953
-1
-1
997
1088
-1
553
-1
734
606
193
-1
370
741
1707
184
134
313
412
370
273
1269
-1
275
-1
1252
370
161
-1
1434
197
312
1592
1225
252
-1
958
313
403
275
1005
379
1866
995
763
844
609
388
1226
1412
682
644
161
-1
644
1769
1571
553
158
987
433
772
1379
330
-1
-1
-1
1722
1688
513
664
544
-1
313
1810
-1
644
772
273
1962
421
644
942
1277
-1
-1
1572
664
1781
134
1210
330
958
664
756
275
-1
370
1572
-1
1636
538
1420
553
1351
1379
590
910
828
1834
1342
-1
134
-1
-1
-1
176
717
-1
1901
1277
-1
1629
1434
1434
158
746
276
1834
513
1419
313
513
970
-1
-1
1138
-1
1277
-1
370
738
904
644
597
1707
330
-1
75
-1
644
412
134
-1
425
-1
1702
1369
161
1434
738
370
987
275
1834
370
1087
-1
-1
1109
-1
1258
1710
1275
644
-1
1181
989
1181
1148
-1
1434
355
772
494
1605
989
-1
513
370
227
-1
1276
92
644
-1
54
1434
275
1834
608
1216
-1
-1
1717
136
-1
1434
17
412
1825
1523
-1
910
-1
756
325
1834
1434
1728
403
609
83
1269
1519
1351
1434
1108
1109
1095
1412
1372
491
1434
-1
462
1569
707
625
-1
449
1568
1572
644
313
1325
1266
-1
1109
-1
83
173
-1
1260
-1
644
-1
1252
1277
1478
-1
1117
553
-1
1707
1128
397
347
-1
766
1476
76
1095
1140
622
173
370
910
1274
-1
446
1434
644
-1
1919
-1
134
479
1148
1259
-1
266
-1
1919
644
989
1570
403
-1
-1
-1
814
743
161
-1
479
-1
-1
-1
1157
370
332
-1
1940
418
330
1351
910
1740
134
134
1351
1048
1412
1004
433
644
-1
1419
1120
-1
117
1193
1076
207
370
889
-1
-1
622
32
553
553
1342
1735
-1
1148
370
1728
828
134
-1
644
1509
403
-1
1004
1095
-1
513
158
644
-1
83
1834
644
1342
1056
-1
937
403
844
553
1879
553
1351
945
1552
207
-1
1729
207
134
513
-1
644
388
1752
-1
1330
597
403
-1
-1
1846
111
1412
134
1120
910
1717
359
538
-1
1922
-1
644
342
553
1146
-1
83
190
313
772
590
373
134
1735
1434
784
937
1391
1117
-1
1729
1351
433
-1
1740
1486
721
644
1684
958
1039
1752
553
373
1729
1808
403
1834
313
1834
1602
1831
608
964
1095
1109
227
-1
1605
-1
553
343
1173
983
1117
1767
796
987
703
433
1728
550
1351
-1
-1
225
1351
1612
313
158
1653
-1
370
-1
226
-1
617
-1
1434
1742
931
418
1763
644
644
553
370
-1
1677
433
134
975
1339
-1
553
1725
-1
76
-1
221
173
83
1569
1541
-1
644
1602
772
1218
1420
1351
989
446
330
1679
134
370
511
161
-1
273
-1
190
1252
772
738
1157
325
1419
1725
1834
1412
1412
134
-1
1005
597
1612
134
1919
1537
738
1572
524
1674
1728
-1
1552
1494
1181
644
1351
663
177
-1
567
184
-1
553
1379
1740
-1
1698
1707
76
840
-1
1351
1560
-1
1318
-1
644
1434
525
1569
553
54
513
176
763
-1
1109
-1
1552
1612
453
553
664
987
325
227
177
1434
370
325
308
275
275
1260
1953
1419
1308
1391
1742
1960
1414
1379
845
1451
1807
193
1275
553
513
1434
1834
644
702
-1
-1
1668
1840
1605
1728
446
1095
479
313
-1
1752
1199
1419
273
518
117
273
-1
644
-1
1329
122
412
-1
1269
134
190
645
1857
1552
445
1632
1717
910
1174
1781
-1
1082
-1
370
1940
173
1552
273
553
188
-1
313
1859
-1
1181
644
370
1148
1729
1729
518
644
1266
1351
207
1482
1095
446
1879
644
1746
1740
47
1605
1078
644
433
1919
1781
1146
644
1434
-1
1085
177
173
-1
1109
1451
167
158
188
1204
173
1434
989
-1
130
177
134
83
1446
207
470
1430
229
412
1434
-1
644
-1
1709
134
1834
828
551
-1
1173
-1
-1
1108
1688
995
937
190
1729
1557
20
986
134
460
158
-1
756
553
-1
1124
167
-1
273
1569
1266
495
-1
518
931
1769
-1
1088
1659
-1
1155
-1
-1
397
1810
697
608
-1
1178
-1
644
1888
1572
134
496
1834
293
1834
370
1124
173
1564
433
1109
-1
1834
609
1717
1419
207
942
-1
1277
161
1109
644
134
-1
1494
-1
1005
-1
1050
-1
626
738
1434
-1
190
-1
513
1216
741
1260
644
644
1434
1774
779
-1
1792
313
75
313
1552
1351
1434
287
496
122
-1
1617
1729
825
989
553
-1
-1
1113
1846
1910
158
1255
370
597
645
1819
244
207
-1
553
1277
370
207
664
1351
1095
828
225
772
275
32
-1
513
-1
1434
989
403
1266
1412
313
738
1095
17
513
134
-1
597
1085
-1
989
746
275
-1
-1
1383
470
1776
518
644
-1
644
1668
1822
518
313
244
1252
1834
262
1572
644
1216
513
1834
1825
325
513
188
553
1199
134
1446
1276
-1
1605
188
644
1391
-1
370
622
644
92
-1
403
1572
1653
1792
644
1342
1602
1430
789
1434
1569
1095
-1
1113
1113
134
479
1717
1792
176
1717
1810
433
222
1108
1184
1934
197
1330
1124
134
772
910
1434
553
1353
1048
1369
75
134
243
1572
1095
152
1076
551
1434
1834
1109
1962
158
1521
-1
1958
433
-1
134
1120
700
474
188
134
207
596
-1
158
1297
188
1795
756
1277
214
1353
1519
-1
1617
1095
953
1834
746
134
370
1095
-1
1918
-1
1329
513
1434
134
-1
644
-1
-1
275
644
134
134
474
-1
1879
161
1225
266
161
496
1776
-1
756
86
1095
1739
756
896
1478
-1
-1
567
553
-1
1810
763
664
544
1413
899
158
370
1687
319
1252
1258
518
644
188
772
1729
412
1479
431
899
173
1763
1960
312
403
1225
608
910
890
910
-1
1124
45
1137
355
275
700
-1
1181
32
1379
781
1048
559
161
544
275
1124
433
738
1369
-1
1572
83
1834
1728
207
-1
1533
1275
590
1379
1209
1612
1252
622
1271
173
1353
741
513
840
1509
173
1552
161
1525
1109
1834
1722
1048
-1
970
222
1721
1109
1355
545
1931
76
664
456
738
431
1434
553
-1
1717
1940
207
1792
553
1572
134
1351
293
1746
313
1050
403
974
1569
625
1277
721
1869
313
134
1572
1095
1118
1351
1255
1786
-1
496
1434
1834
1962
226
1069
1351
446
854
188
859
-1
942
1739
1351
425
158
644
1541
1005
1087
1612
207
276
-1
1163
92
1709
931
1266
134
313
-1
373
1277
772
1124
-1
1330
229
92
590
1297
1710
1577
796
134
1919
173
1225
1792
-1
743
1630
1831
275
184
644
513
1781
1342
625
433
644
1369
-1
553
1707
83
134
54
644
1697
1834
-1
1728
1095
1339
1325
1434
1351
734
158
1519
422
772
-1
275
1120
-1
1434
1707
-1
644
1209
1022
226
617
370
814
1412
459
1602
1569
134
738
553
601
83
663
1729
1216
812
1632
1701
1482
553
664
910
1351
1890
1632
1330
1210
173
738
703
1135
741
460
989
1066
942
1351
844
1717
75
1779
1636
92
134
1585
721
313
20
513
1509
114
1571
-1
1446
702
-1
1351
628
1033
215
1209
313
412
32
370
1345
974
609
697
553
-1
1834
1434
1630
852
644
538
1199
1901
1552
59
1420
-1
1095
989
1095
1569
744
403
1890
1351
-1
778
595
-1
1412
644
1709
152
252
1890
513
1729
1325
167
1834
896
1226
513
997
141
1434
772
1269
422
-1
644
176
313
197
1109
412
146
370
1077
1412
1209
158
1369
1434
697
1427
1747
433
1156
513
275
1819
910
446
1752
474
325
1412
-1
513
1825
697
-1
158
134
227
1095
470
817
383
644
644
983
134
910
1124
330
403
222
370
412
987
1919
167
-1
275
433
-1
1568
608
313
644
1507
1740
1124
1434
609
470
1434
910
1178
1095
544
425
772
134
1412
134
1777
727
273
1342
1707
518
1617
235
1330
1095
370
567
910
931
1369
738
910
1434
-1
370
700
1476
987
738
1702
1569
644
1120
1901
1412
910
958
735
161
474
1834
644
377
1460
1176
-1
197
1722
553
207
1225
644
433
1834
772
-1
644
1434
412
1729
1351
370
1434
1746
161
134
644
134
412
1565
83
1225
1729
644
570
553
134
983
207
1381
1901
1769
173
370
1275
1565
1095
370
1260
1434
370
-1
370
567
176
1687
1962
1184
1412
-1
173
796
1276
513
1560
1419
252
491
1095
-1
141
403
1156
494
140
1456
697
134
559
1225
-1
1572
1308
1330
1174
1434
1834
700
1342
1419
1146
412
158
412
1834
1819
1320
553
1834
-1
-1
644
60
513
1834
-1
235
1434
188
-1
663
1225
970
1549
215
1605
92
1818
590
1193
766
188
173
1569
1209
553
1271
1451
910
495
1564
86
995
1834
1060
553
1632
412
1353
1095
942
456
644
-1
188
-1
1095
289
1232
1906
1252
1834
388
1095
1822
1210
644
1818
1369
1082
1519
412
134
1787
845
265
553
-1
1221
433
227
1078
1572
76
995
1111
1033
1095
1549
1632
184
1095
1674
702
134
1612
1111
275
244
1660
1870
167
173
152
161
604
1509
1934
92
1785
-1
738
226
330
496
496
1636
1329
644
1078
845
1787
134
370
828
134
370
513
1225
1087
470
1710
1709
92
1572
1320
1479
1223
1869
1707
738
721
1277
746
814
418
158
1369
1277
1919
772
910
325
69
1156
1252
1434
848
325
1266
735
1632
650
-1
1342
1139
-1
644
644
779
1199
246
1351
1428
1095
1351
313
1940
812
738
1541
1351
590
1355
662
1510
289
513
1039
1478
974
421
1602
1146
181
1834
134
229
-1
1434
370
513
422
644
935
1124
772
1602
644
134
989
-1
1746
828
1834
611
553
-1
622
1721
1872
703
83
513
111
308
-1
622
597
1747
644
215
313
1325
-1
1434
496
1434
1568
1120
538
1496
470
403
1752
1320
644
538
1095
1209
1919
1434
1572
1412
1831
1740
-1
313
1266
959
1351
1434
1795
1088
275
207
313
1117
1807
446
1419
644
1792
1631
1962
1196
910
644
370
1427
1810
1707
313
763
412
343
370
1330
207
134
418
1078
1137
1710
1852
1252
167
1369
235
1834
1683
370
1509
1752
1330
289
644
370
1572
703
983
644
370
1557
433
474
421
1631
273
917
1275
964
772
332
1276
1688
418
1940
910
1819
370
313
1434
815
1266
1872
83
1266
553
26
765
1779
459
370
303
370
1523
553
964
1032
134
1725
-1
235
1434
1707
167
524
951
1857
1834
1866
134
1095
371
597
1940
912
134
-1
622
551
1729
959
596
553
644
910
1277
1128
1095
1412
59
1870
721
173
301
518
644
303
370
1113
1148
1133
313
513
1066
1572
1901
1252
370
1225
910
1729
355
1220
1157
1707
370
644
464
1434
177
1740
1872
1698
1792
1486
308
518
1834
1729
1033
401
550
134
253
1078
1717
1740
134
1922
555
-1
734
721
83
313
989
644
1792
313
1746
1434
-1
-1
1379
222
-1
763
597
1329
1139
628
1108
370
214
1221
608
1056
1476
553
756
1710
1834
176
1707
-1
134
1351
-1
1095
-1
1795
1779
313
1636
1739
854
931
1351
236
403
1181
403
1434
1569
1834
1774
1834
525
6
1729
207
-1
-1
1710
1266
313
215
-1
644
518
644
1552
496
1725
1746
1739
1710
553
1419
772
590
-1
1275
590
1162
953
1898
1018
168
989
173
608
1095
1754
1792
1434
644
738
1434
412
1085
1277
1199
1834
1095
1109
721
32
313
134
130
313
1277
370
1810
1379
608
431
-1
433
1277
570
275
511
134
1351
215
1138
1834
644
83
1277
644
431
697
1792
951
431
1577
513
1572
1659
644
896
513
1763
207
1330
474
370
772
275
1270
1259
-1
293
330
117
910
1834
1560
735
1509
83
1632
1069
1039
1698
1138
214
1128
254
1571
1446
1342
134
266
397
433
1856
1745
1308
1383
644
1661
1048
176
1537
912
513
1769
1717
293
1297
1544
1834
1570
117
644
912
1552
254
1297
796
1632
-1
1563
766
227
308
1095
970
1434
1325
76
1940
433
849
1834
1852
779
644
1636
1810
1834
273
-1
1605
266
1739
1252
644
-1
1225
553
667
1077
1126
1050
1146
1740
1434
1120
1434
1413
1834
181
64
1890
1523
252
134
1269
275
1434
433
1792
377
644
412
644
83
1810
1552
1643
330
1537
54
1717
1834
784
987
1777
1434
738
1351
1632
644
1434
1834
433
644
1351
474
129
1565
1869
1710
756
664
1834
772
1095
197
1688
721
778
815
1919
1277
226
1572
1066
1834
1810
1498
275
462
1095
474
1088
464
734
1914
1372
1914
412
235
83
644
299
134
1351
474
1184
1434
92
1834
1834
1342
1351
1525
553
1763
644
1124
491
1342
1055
275
1434
1785
-1
1434
1834
-1
235
964
117
942
1108
1774
644
73
844
1834
644
275
738
181
310
1845
1351
370
1509
275
958
1120
173
1266
474
1740
1635
1482
1953
1269
525
697
134
608
495
1342
397
937
1852
77
1434
158
1566
910
167
1834
397
-1
644
312
1163
1004
608
814
1725
1717
470
1232
644
1413
197
1271
746
1277
644
418
989
325
264
1774
1173
1684
1434
-1
1139
207
644
1113
608
1585
1962
1095
422
1779
370
1088
1901
1095
1220
1729
479
931
644
1434
134
1277
1351
1572
1351
721
134
553
518
937
1793
173
525
513
494
273
553
1434
1674
1940
1157
1818
252
1632
525
608
995
313
917
273
1707
1209
-1
778
1181
-1
644
403
275
1095
910
262
1725
937
1572
1729
513
1661
1216
117
388
1552
158
355
551
1846
989
1420
513
177
743
513
590
32
1819
757
1109
1383
1834
518
1834
1351
1087
511
246
1378
470
1252
663
92
1901
253
628
1834
1351
-1
597
597
173
1095
1739
1677
195
313
1537
1702
513
1834
1661
313
235
1859
1792
910
644
1785
1740
1717
544
596
644
32
134
622
644
176
273
207
1729
1720
370
1537
92
744
910
1413
421
1632
1845
596
601
525
433
1537
313
538
910
1572
1413
937
622
1434
953
370
383
1629
1891
1427
83
910
1810
1138
1156
910
859
1210
844
412
1722
1509
1209
1095
1271
553
1849
299
168
325
431
1178
1729
528
1351
1702
1266
1124
1869
781
134
397
134
854
161
997
310
177
1618
553
768
1632
1729
553
76
1004
1484
1117
1834
184
134
1914
1740
1355
134
1266
910
1720
176
1685
1078
778
896
1668
134
943
370
134
1632
422
1958
92
1648
1870
772
644
1557
134
73
459
421
910
1566
403
953
606
158
134
1325
496
1786
1223
1834
1940
694
622
1901
1519
1434
176
1585
1078
1568
1434
1145
207
1351
910
1351
1834
134
609
83
76
1565
1209
1787
433
1443
989
910
197
161
60
370
1379
496
370
1156
1412
158
357
1088
1148
86
313
1568
1834
173
596
912
173
403
-1
-1
370
513
83
207
370
1412
1351
1095
1128
290
1643
597
1266
370
1434
707
273
1747
1210
1709
1735
1277
1810
721
1572
1004
1157
275
1095
134
1707
215
1351
190
1607
198
953
59
1565
896
1571
644
1632
1342
987
1852
373
-1
1834
1325
717
1554
221
513
1795
1413
1225
899
1569
1412
1685
1095
1148
937
1434
622
849
644
330
1156
570
700
1209
1357
1878
1510
1822
1353
370
168
910
513
644
173
859
-1
553
1632
608
176
-1
917
553
59
644
1541
953
134
1277
158
1434
1834
1687
601
1834
738
663
195
910
1095
1209
325
942
1048
1960
1729
1919
321
-1
1479
995
904
1507
1537
313
1209
964
1709
1934
325
644
412
-1
987
644
370
347
644
1643
-1
173
158
161
530
355
1412
403
276
347
551
1095
859
989
190
852
1412
1050
1196
1351
942
513
1919
644
235
-1
840
964
1109
1139
134
134
1834
1488
1818
1412
1587
1729
176
1570
227
1919
741
1568
1004
859
1434
937
370
1619
644
553
313
1095
188
942
468
134
1078
1572
1688
772
275
1834
959
1351
1297
553
215
644
890
644
1330
76
313
1834
73
1466
1095
1434
276
421
313
910
156
1721
1413
511
114
1379
244
1297
1740
276
1351
989
1776
1635
1721
446
1351
117
1223
301
1496
967
134
495
1412
1109
644
1355
644
772
161
738
763
1643
-1
215
395
214
664
470
246
1048
644
763
890
910
59
644
1570
1413
431
1330
1632
347
1434
273
-1
1702
313
1379
849
989
967
828
559
1725
1931
912
721
308
134
1174
1095
1568
-1
1209
1834
495
735
54
738
275
1260
1648
766
1710
273
146
1702
1537
1660
1342
76
1330
1351
134
-1
518
746
412
76
491
1572
894
273
313
134
207
1740
1792
682
644
1523
1135
1078
1004
1632
1509
1498
1834
983
1792
1879
1351
-1
721
376
1277
1451
920
1940
222
644
301
290
664
1111
1834
511
594
1631
1342
644
609
967
1566
770
1931
1781
1661
644
496
1372
70
158
644
553
559
1095
1181
1746
1434
673
1434
1834
1834
937
1725
1632
1184
1087
-1
1825
370
1834
553
370
158
796
1260
518
275
697
177
682
1095
1740
1209
474
1178
1318
1632
1612
134
1434
1577
370
570
854
1792
1808
1890
1095
1707
1252
1383
422
1653
1066
1216
518
214
1126
1095
421
1729
403
1178
290
1369
1739
1810
313
845
644
293
553
1451
494
1330
-1
222
313
134
221
289
1379
134
1379
167
1498
243
518
433
226
1434
77
1552
645
173
608
451
992
1570
513
1577
1834
134
1318
-1
134
1687
1004
1057
1069
644
644
433
815
597
20
606
370
17
1351
403
727
418
1004
1434
289
964
1852
1351
1225
1940
644
1434
1677
176
518
890
222
1752
-1
313
738
134
1960
697
1707
167
744
1763
-1
679
275
222
1199
1688
1735
1369
1632
644
942
622
1369
1330
781
117
1834
1668
227
1890
814
942
1819
1259
1120
275
1577
1602
167
1763
1891
608
608
644
1785
735
98
1087
1088
513
714
433
601
1210
1416
243
412
1859
1901
1834
433
1563
513
1519
1095
227
134
152
1077
1466
1648
663
772
325
313
1095
1434
313
188
114
1717
513
1509
854
1434
1120
1266
553
721
1095
1095
644
644
1572
1434
174
974
513
983
995
553
403
1572
446
958
1095
173
134
518
188
1434
83
246
1225
-1
1095
1721
152
1781
1729
1752
1137
1184
1834
1209
32
-1
912
644
1156
1729
92
664
1572
1085
496
1565
134
644
370
644
1587
1124
1353
738
626
1351
1834
553
1095
1266
188
1383
1124
1109
1753
1434
1266
608
134
1351
1434
667
431
781
313
433
1922
173
479
1717
772
273
421
-1
1834
1747
609
772
1612
134
134
910
134
910
134
1252
433
1412
1369
-1
1552
987
1585
664
134
1612
910
781
1552
1109
622
518
403
1095
1572
1834
464
1777
1476
1419
474
1779
1124
1412
644
644
650
596
1124
1940
1612
1834
403
433
1434
227
370
370
1632
134
1351
1120
207
1351
337
1525
1834
644
544
1822
59
1351
26
1707
173
1572
644
727
1050
451
92
1434
953
1753
644
974
214
1095
129
370
370
177
1919
1156
474
226
1145
606
553
700
1124
403
190
1434
1720
1277
1095
1095
403
1834
134
310
1427
289
134
1209
812
134
403
1701
1728
134
738
176
1796
1448
222
678
622
989
1572
518
161
1126
1870
275
343
134
597
456
1632
1124
1725
1066
313
1869
1434
1351
1156
644
134
342
1055
1919
173
1351
1434
468
303
1351
76
1351
1572
403
1428
26
92
910
1958
418
134
1729
370
1434
433
1259
628
176
273
433
1643
1872
1095
608
370
1852
1369
1095
828
17
772
644
1919
1095
403
1109
1919
1274
608
395
496
644
370
738
1109
134
513
959
313
1124
1193
1412
553
772
1379
1126
1631
325
814
54
173
1434
198
644
1297
214
293
1707
511
1747
433
240
188
1684
1632
1592
553
69
1379
1901
1320
76
1320
910
738
1266
1728
1901
518
158
553
1277
252
601
518
1221
1128
553
513
455
403
32
1509
1729
772
1128
370
1126
1740
1831
644
370
1330
1834
83
290
983
229
1602
1277
727
1746
644
83
525
207
1870
1266
1643
281
158
207
266
1434
1266
313
1128
763
828
1785
474
32
1763
628
1260
1113
291
1792
1552
1572
1420
1632
513
992
513
1523
1260
1683
1776
1124
17
370
1659
403
184
544
167
679
644
1434
370
370
1572
1688
173
1729
951
-1
1266
395
134
474
397
293
92
717
1095
1568
1260
1372
403
1135
134
796
214
644
1369
768
644
1351
608
168
1156
1747
1135
679
289
313
325
1834
1834
673
553
167
721
625
173
193
451
464
134
134
1729
1252
1612
1412
975
134
1740
953
570
470
553
772
1451
1351
513
134
1834
545
313
778
1351
1552
433
910
54
1277
1095
1466
446
1146
1210
83
1259
343
644
601
173
1834
1787
518
1834
-1
275
395
1533
910
525
176
134
412
1612
1318
1412
83
1139
644
1585
1919
1260
1030
1434
1369
551
658
1277
207
173
779
645
1140
597
-1
275
1008
412
975
1569
1636
1271
1157
293
865
1434
1668
222
1097
1351
1660
1405
1632
117
1653
1537
173
1369
1097
513
222
1095
1095
403
1763
1834
1274
275
644
912
198
83
1729
644
644
1085
1777
1674
134
214
134
134
1351
644
370
700
370
1369
188
570
464
1135
134
1808
188
243
1252
134
1740
290
215
1537
1919
1958
596
496
1266
741
1796
1763
1834
1834
215
1351
1632
330
1184
1962
111
1351
1095
1834
403
1330
92
992
433
158
1369
644
1351
714
1810
1786
1448
134
1740
513
796
1351
1834
134
1260
161
609
215
134
812
538
945
1918
910
1351
975
697
1677
1412
931
1735
273
134
1569
644
1717
285
1940
184
421
553
550
943
644
1707
1078
313
931
1329
134
1632
496
597
433
702
1448
1779
134
1260
193
886
1632
1135
1962
1572
1834
1537
370
494
989
76
1342
222
1269
1729
453
644
275
538
644
553
1565
370
1351
258
244
1351
1607
403
496
221
644
207
290
275
173
1039
1146
412
1544
496
1209
134
1572
645
370
1342
1742
275
1071
1810
1260
1095
625
418
964
1962
1572
1834
134
1653
663
1754
1632
313
275
989
1277
910
601
995
418
865
1412
134
412
597
644
1572
140
1704
459
738
1834
1570
421
1845
1552
772
207
1537
951
134
1258
1834
644
1739
433
756
134
1271
273
226
766
1612
1133
1434
-1
1434
207
931
1204
1434
663
425
1549
214
412
207
207
1434
1252
910
644
721
446
1795
403
190
1607
518
1717
567
989
1242
644
1095
1193
1879
1095
146
134
313
134
1763
1636
1414
784
1430
1434
370
1679
601
953
1777
1252
854
83
134
1891
403
664
1740
330
1345
244
1668
1124
1958
1818
1077
987
601
222
644
1266
644
1834
721
609
69
678
422
1342
188
1088
1351
335
325
622
246
1572
313
1653
763
1717
83
32
134
1434
1260
370
134
1082
313
741
1413
1918
644
308
226
1318
1209
622
989
1039
644
1539
370
1729
254
1810
1735
188
1602
313
412
161
1391
158
1962
644
849
-1
313
1277
553
303
644
910
1779
1834
1069
1218
1276
1342
92
931
779
313
815
1729
1564
781
1740
1906
673
1859
395
1434
1275
158
1729
953
772
190
606
47
-1
313
158
766
644
1216
1752
474
370
1351
173
983
1434
1216
310
1252
553
1275
134
970
1342
796
626
953
1707
134
1537
644
644
513
253
1413
134
1210
945
456
1740
1674
134
644
1834
1351
992
1351
734
1870
221
1869
229
134
111
134
433
1742
1330
910
1810
1109
275
1845
697
494
1434
741
738
1174
134
1259
1834
1808
738
1095
1477
1446
1563
1632
1405
1834
1109
433
190
513
45
644
1922
92
276
544
173
313
1434
496
32
513
1434
134
273
738
597
412
313
412
738
1834
403
1184
1297
1514
1552
32
1446
76
989
596
1818
325
626
1434
188
1541
227
134
1434
738
1351
152
1162
737
45
1707
845
134
1840
644
513
273
1318
451
176
1351
1808
1004
597
1277
313
995
1297
513
721
313
717
708
156
377
173
207
1351
1351
1342
1434
1834
1420
215
246
1739
644
1537
134
1163
644
644
667
1810
92
86
177
1891
1940
134
244
1451
1308
275
1710
1076
222
644
910
694
975
1095
1434
1342
544
244
678
590
1260
989
181
1355
1754
32
1209
495
1325
553
1879
1210
644
1118
1707
781
1572
1834
134
550
1448
746
738
1776
299
246
312
1541
134
134
778
1857
1095
1325
511
92
741
370
1434
1763
32
313
772
421
1747
609
644
741
1252
644
1078
608
1554
1434
1095
370
1277
849
1120
768
1427
1763
252
1632
1109
403
313
313
32
313
1632
625
1351
1388
527
513
757
828
1960
1369
644
1668
176
83
538
412
1342
644
553
828
1722
1156
1379
134
794
518
1834
1087
167
243
370
644
173
953
188
474
1477
134
1509
1139
1834
313
1391
525
197
207
1537
1252
158
1659
1509
1632
1181
1869
1342
1834
658
134
1412
403
146
1612
301
679
1342
662
1537
215
700
1792
1746
207
896
190
1746
1412
313
76
1277
1434
1619
293
376
134
1259
708
355
1434
412
173
1834
177
173
134
313
1569
188
910
1434
431
899
1277
1330
262
1269
1643
1605
1498
1225
343
308
1607
343
17
814
721
513
1636
193
910
1330
608
370
601
644
134
1209
433
134
1572
1834
626
553
134
313
1357
1120
1451
412
1572
606
1095
1412
735
1940
772
1605
1919
173
1434
325
865
854
1499
1351
817
134
1834
403
1653
64
1919
403
697
197
158
844
1181
301
1095
173
1369
513
370
700
1922
1277
134
1178
1940
1740
207
1572
1077
595
1571
608
721
644
1914
1434
828
989
1181
308
937
1569
756
987
1940
1252
1277
188
273
412
470
134
1378
1810
513
1451
513
479
1266
553
865
1570
1351
161
1095
1351
433
1178
215
1729
1725
1330
644
1379
313
738
370
597
756
266
772
1866
1274
244
644
197
513
1781
1898
276
1184
1819
1048
1735
161
1120
590
694
608
697
1330
1085
1120
937
412
1498
1919
608
772
173
644
229
1818
370
1931
-1
1746
737
866
376
1834
370
865
987
852
1653
470
493
945
412
1577
644
173
214
313
290
1085
1056
1866
625
207
1849
644
1342
322
1252
313
122
650
173
122
1717
1810
433
1807
738
1120
663
1740
644
741
1707
370
275
1564
951
1351
1641
1834
828
1901
83
496
721
26
1635
663
226
1795
1747
1746
-1
1707
134
1428
1834
1707
937
445
1834
1834
32
1209
246
86
146
626
644
1739
1834
989
590
1834
1369
553
1729
1636
207
370
134
1118
910
1351
942
1484
275
1095
173
992
1111
1087
1834
1157
1030
758
1120
412
910
738
678
1277
1124
1216
176
970
330
896
167
370
1266
644
313
1729
1216
1221
1632
431
1413
1434
1569
1209
513
1781
1725
644
1224
1419
1906
470
721
518
644
697
1095
609
644
1342
214
190
772
513
738
176
134
243
433
313
528
644
1118
746
1193
370
1834
1095
644
951
1109
1496
54
1052
1164
1484
1571
176
421
397
964
524
1572
1796
975
1266
370
644
370
1369
697
355
1138
772
1619
77
1379
1109
1632
1834
910
1697
553
1796
1940
1146
1717
772
1612
495
1060
1039
644
1330
989
403
1931
644
449
1109
161
275
1252
859
433
370
1095
1274
513
54
737
-1
1612
1022
1891
418
1796
1266
431
1810
1446
468
609
1258
1274
727
134
1643
1632
1369
1351
222
738
117
1351
422
1834
370
1266
904
1498
644
1095
98
644
1095
1120
1552
244
1434
370
188
158
1124
1221
235
1769
433
313
1277
1834
644
1563
227
1095
69
1124
207
1420
702
301
738
1381
370
491
173
989
1078
1266
910
173
275
1742
772
644
403
1095
1277
158
1381
462
332
700
1677
1572
76
570
987
146
890
1266
1834
989
1109
1145
1434
1087
644
721
152
1146
738
644
1834
1266
1607
1330
1707
1434
644
1351
370
1958
910
964
370
781
134
1369
1434
140
987
964
694
1369
945
395
765
738
1252
910
1266
1564
1697
513
1430
921
1774
412
1523
644
1351
1351
738
1351
1769
1351
989
275
54
1707
227
1834
1659
644
899
664
1602
910
134
644
1729
313
370
1710
290
1258
1866
1412
1379
1204
644
658
32
418
412
1845
1668
275
1739
663
1834
1446
1795
1629
1050
173
1476
1711
609
622
910
644
628
370
370
431
1617
738
513
644
970
1095
214
198
1095
784
343
395
1434
1740
597
920
1351
958
1095
1729
967
1184
313
995
1223
76
1135
1564
664
370
738
1428
1810
662
910
207
1572
496
644
937
77
403
1434
1434
1124
525
1648
1140
92
553
227
370
32
412
553
989
644
412
1434
644
1566
479
772
1369
1252
227
313
1369
1940
1572
275
995
1277
1488
596
1258
1055
275
32
246
911
1792
83
207
1810
899
1434
86
207
528
383
597
1412
644
1572
1717
173
168
553
1585
553
595
1834
1412
412
1329
433
1357
1297
1834
1095
1039
989
152
849
1277
421
951
470
1787
1162
244
553
496
235
1095
403
1342
644
937
1486
1434
644
1242
470
1351
513
1914
134
1260
1845
738
1834
1252
1869
370
644
766
828
1602
1494
59
1430
244
1834
188
1834
910
1488
474
1004
1095
301
161
134
134
134
412
664
1138
1752
214
1763
852
989
173
626
854
167
1834
243
597
1434
1781
1810
431
412
1095
644
275
1351
1353
738
958
1337
1109
1849
1139
1419
667
983
658
1226
708
658
76
1342
1687
756
370
1275
1351
1164
134
313
357
1266
1533
312
1048
227
92
161
412
134
1097
215
370
313
1419
1810
738
173
989
825
1602
290
1707
1223
1566
1796
1537
910
1117
1533
910
1544
1632
60
433
173
1419
1209
1709
868
1632
1859
1124
167
451
291
644
1269
1834
418
1770
1434
1297
1379
622
1857
1434
1668
1004
1834
134
1066
650
395
433
198
83
1572
134
1629
433
188
1537
523
1619
721
1216
330
983
553
553
273
347
772
1277
1252
1030
1095
1496
1834
1342
76
403
828
1412
403
1888
757
1496
1632
1266
644
1095
1476
190
310
1434
644
412
1717
697
418
1052
496
227
513
964
1379
1266
511
1266
1922
1729
129
1683
433
1612
553
1569
313
140
221
1687
1919
1095
1216
134
412
781
1078
511
134
1124
910
1113
1834
1629
910
1430
32
738
828
1145
559
538
418
1266
1484
1834
1709
117
1351
738
275
1840
214
772
470
1126
1466
451
134
1685
608
412
173
697
173
1095
1774
1572
644
496
193
1277
1252
644
1275
456
1379
1834
134
370
1919
1050
518
459
945
293
1810
313
608
1572
1539
1260
1834
197
601
173
1128
1810
553
848
1879
1325
912
714
1834
1428
597
1242
227
456
370
987
273
1156
1434
1120
1088
608
395
772
313
173
188
1834
628
1052
244
664
1275
1649
1133
1572
1845
1570
644
644
828
1940
983
134
370
1774
134
644
1617
1742
746
313
1729
628
1729
1095
1729
1434
1351
188
188
1434
1135
1263
161
456
1416
460
1434
644
1602
134
644
1276
1834
1108
1781
495
1124
451
1739
1342
222
1135
83
1325
1109
377
1412
1746
1434
682
479
176
1351
280
697
1767
303
456
313
412
1266
20
796
1434
1486
198
453
1834
1834
734
1434
644
553
1717
1953
1342
134
997
1434
1434
371
1413
1834
1632
1795
997
854
1668
1834
1223
1085
226
1914
1351
644
1413
370
158
76
663
226
370
644
412
1834
190
1330
370
1266
1918
1184
207
370
1379
197
17
1906
1434
1434
383
325
207
114
766
403
553
1653
1209
644
1176
1260
117
1940
597
158
1216
275
1953
32
330
625
1342
1792
161
1412
32
597
1796
1271
370
1537
1274
553
910
814
134
1209
1220
1810
1277
313
1087
1005
910
1198
513
513
1342
1117
1412
513
1831
313
513
1717
1095
1243
910
738
1451
964
644
1770
644
1351
308
1577
1266
1962
75
866
550
937
1507
225
1351
325
717
1834
468
1715
370
513
544
275
992
1342
1834
644
1124
1607
553
569
117
491
513
1845
433
188
1193
1199
989
421
412
330
967
1078
86
765
1181
682
910
207
134
1834
1607
931
1918
1184
412
772
370
1476
1834
370
1412
678
910
1330
32
1846
606
1746
69
86
1834
359
1388
1128
1940
1810
678
708
299
-1
735
1128
1216
168
1787
254
1729
1953
1434
273
312
1901
190
721
590
644
1379
1434
17
981
418
781
1351
700
590
1569
1572
1834
594
1816
942
910
644
1717
644
1765
951
1351
1746
1781
1066
32
92
644
1770
1069
207
644
1413
370
229
1834
474
1216
1602
215
1834
644
644
370
1511
221
370
370
1095
1318
1834
1372
700
644
330
1022
1342
1940
370
1721
1577
1369
227
1434
1412
513
1779
644
970
227
595
154
1612
1569
1181
1077
1184
868
1135
1095
373
433
901
1717
227
253
190
513
673
553
1746
1320
313
852
814
1834
673
644
158
1434
1266
967
198
1434
1674
1369
226
273
1795
1792
828
173
433
158
1940
1729
1648
1329
1740
989
141
136
1700
1066
313
134
1138
756
625
518
746
134
606
1379
664
995
412
403
1742
715
1572
1643
92
92
418
697
59
134
244
1857
513
370
403
1729
370
1707
756
412
1095
1325
744
1739
275
1702
738
1786
1252
644
134
644
743
1715
1111
1612
1560
848
198
849
494
1209
1138
355
1379
1266
273
830
644
746
122
1181
910
252
291
313
1095
1953
513
513
397
176
83
1434
176
590
1792
117
1157
1509
1906
1792
1940
76
1834
1430
1277
1953
1953
1113
1162
287
511
1277
173
370
342
1357
513
1668
1940
403
590
313
474
1552
625
176
910
313
313
496
997
158
951
1962
1685
114
1564
1729
433
1740
1413
313
1810
910
544
553
1569
721
945
1109
1677
1717
1146
1266
644
1095
76
83
1379
1193
1277
989
1729
1872
1753
525
937
930
781
1834
1746
1156
134
1729
1258
746
370
859
1095
395
553
1351
1277
763
397
76
403
1739
644
1729
1369
772
553
970
342
1351
1275
644
970
1413
188
1834
1845
596
550
814
551
1351
1541
134
1940
910
644
1653
1095
1919
1269
1379
970
1427
1351
140
474
766
1276
275
1277
1822
1140
227
1120
130
1252
937
518
644
370
1330
370
975
377
134
325
1834
1095
412
1419
1413
1156
1702
77
1369
372
644
1325
1095
1434
1039
1834
1095
970
299
243
1720
1095
825
1309
1434
553
1825
495
1056
313
1005
173
1792
513
868
1834
1351
1339
679
1351
1484
1369
1216
1607
313
418
76
1498
763
738
496
1342
644
590
1330
910
1223
644
596
970
1275
849
275
644
1126
1541
553
1914
1277
207
1330
76
513
312
433
134
495
98
738
784
1940
134
431
45
1416
1825
1674
1138
1174
1412
330
1701
1859
608
188
664
544
772
1085
275
590
1216
553
1722
1509
644
757
781
1643
1617
756
650
1276
1643
312
433
1252
727
370
446
158
453
134
495
1369
1434
193
1792
1834
431
1717
451
1572
738
1095
689
644
622
1345
679
1434
134
622
989
644
772
1412
1565
134
1570
1740
1434
1033
152
854
1572
83
418
273
188
470
235
525
1879
370
1602
1592
299
1069
158
275
942
1146
134
570
1156
1717
1635
1369
1914
1525
945
1592
814
910
1834
236
622
1351
418
64
1729
1636
1108
1120
1729
92
1109
1325
94
608
370
134
828
608
1351
1792
1776
1729
1056
865
140
330
1857
215
772
644
495
1617
910
1901
1834
553
796
496
1325
1571
738
1840
412
644
1277
597
275
158
772
1552
32
1958
1918
235
433
658
1216
644
1266
134
347
181
474
1095
995
83
697
1569
215
721
1082
1834
117
1109
1725
1216
567
92
1209
161
772
1209
455
1687
412
273
1124
1351
134
1216
1787
1266
325
1648
60
412
513
412
158
1266
590
1434
608
1120
596
275
397
937
1834
644
1297
244
1138
1275
1140
1088
1184
1569
608
1369
1747
1204
433
152
644
1412
313
161
1259
1199
1707
1849
1746
299
1412
412
663
664
1351
1434
1740
594
1834
1427
513
83
1351
1259
134
772
1118
158
1342
215
1629
376
1369
1810
134
370
1674
446
544
1181
518
1260
1632
1004
276
1510
1537
1225
134
1479
357
32
177
644
1095
765
207
1118
134
513
207
235
188
275
134
47
644
312
1585
1120
1568
1717
227
403
1430
1325
1879
644
17
772
1369
1055
77
83
1434
513
1572
422
1729
1412
597
1260
1095
491
604
1372
727
596
644
1808
644
1372
275
370
215
1565
1434
92
544
1509
910
553
1351
1763
134
644
425
569
1434
738
1643
446
275
275
273
1434
308
22
1834
746
1434
32
1430
1725
964
1643
708
1649
173
608
496
1572
1109
1869
421
989
1746
370
553
1085
700
1209
738
1204
1204
1111
1383
525
1810
301
173
538
1369
1934
937
1958
513
215
644
325
772
301
778
772
496
117
1781
188
1631
275
1569
644
569
1184
313
1787
1342
1572
518
1022
1260
1479
763
433
1379
370
134
553
609
355
590
92
513
313
1572
1339
899
1612
513
403
376
275
193
1271
1834
1763
1779
188
32
1834
1252
553
275
601
111
1078
513
134
1056
275
397
134
236
1687
721
134
134
246
403
1866
596
98
1434
433
1810
732
1351
553
1572
1746
513
1351
644
644
644
308
134
513
325
274
451
1549
597
1225
1434
1605
243
491
1184
1602
644
1810
1095
313
1383
330
1351
1729
644
1572
995
190
553
76
644
1683
403
1135
188
738
735
756
275
1277
134
1890
59
513
644
1412
86
689
173
513
313
1446
134
910
513
370
644
134
