-1
-1
-1
-1
-1
-1
-1
-1
-1
-1
-1
-1
-1
-1
-1
-1
-1
-1
-1
-1
-1
-1
-1
-1
-1
-1
-1
-1
-1
-1
-1
-1
-1
-1
-1
-1
-1
-1
-1
-1
-1
-1
-1
-1
-1
-1
-1
-1
-1
-1
-1
-1
-1
-1
-1
-1
-1
-1
-1
-1
-1
-1
-1
-1
-1
-1
-1
-1
-1
-1
-1
-1
-1
-1
-1
-1
-1
-1
-1
-1
-1
-1
-1
-1
-1
-1
-1
-1
-1
-1
-1
-1
-1
-1
-1
-1
-1
-1
-1
-1
-1
-1
-1
-1
-1
-1
-1
-1
-1
-1
-1
-1
-1
-1
-1
-1
-1
-1
-1
-1
-1
-1
-1
-1
-1
-1
-1
-1
-1
-1
-1
-1
-1
-1
-1
-1
-1
-1
-1
-1
-1
-1
-1
-1
-1
-1
-1
-1
-1
-1
-1
-1
-1
-1
-1
-1
-1
-1
-1
-1
-1
-1
-1
-1
-1
-1
-1
-1
-1
-1
-1
-1
-1
-1
-1
-1
-1
-1
-1
-1
-1
-1
-1
-1
-1
-1
-1
-1
-1
-1
-1
-1
-1
-1
-1
-1
-1
-1
-1
-1
-1
-1
-1
-1
-1
-1
-1
-1
-1
-1
-1
-1
-1
-1
-1
-1
-1
-1
-1
-1
-1
-1
-1
-1
-1
-1
-1
-1
-1
-1
-1
-1
-1
-1
-1
-1
-1
-1
-1
-1
-1
-1
-1
-1
-1
-1
-1
-1
-1
-1
-1
-1
-1
-1
-1
-1
-1
-1
-1
-1
-1
-1
-1
-1
-1
-1
-1
-1
-1
-1
-1
-1
-1
-1
-1
-1
-1
-1
-1
-1
-1
-1
-1
-1
-1
-1
-1
-1
-1
-1
-1
-1
-1
-1
-1
-1
-1
-1
-1
-1
-1
-1
-1
-1
-1
-1
-1
-1
-1
-1
-1
-1
-1
-1
-1
-1
-1
-1
-1
-1
-1
-1
-1
-1
-1
-1
-1
-1
-1
-1
-1
-1
-1
-1
-1
-1
-1
-1
-1
-1
-1
-1
-1
-1
-1
-1
-1
-1
-1
-1
-1
-1
-1
-1
-1
-1
-1
-1
-1
-1
-1
-1
-1
-1
-1
-1
-1
-1
-1
-1
-1
-1
-1
-1
-1
-1
-1
-1
-1
-1
-1
-1
-1
-1
-1
-1
-1
-1
-1
-1
-1
-1
-1
-1
-1
-1
-1
-1
-1
-1
-1
-1
-1
-1
-1
-1
-1
-1
-1
-1
-1
-1
-1
-1
-1
-1
-1
-1
-1
-1
-1
-1
-1
-1
-1
-1
-1
-1
-1
-1
-1
-1
-1
-1
-1
-1
-1
-1
-1
-1
-1
-1
-1
-1
-1
-1
-1
-1
-1
-1
-1
-1
-1
-1
-1
-1
-1
-1
-1
-1
-1
-1
-1
-1
-1
-1
-1
-1
-1
-1
-1
-1
-1
-1
-1
-1
-1
-1
-1
-1
-1
-1
-1
-1
-1
-1
-1
-1
-1
-1
-1
-1
-1
-1
-1
-1
-1
-1
-1
-1
-1
-1
-1
-1
-1
-1
-1
-1
-1
-1
-1
-1
-1
-1
-1
-1
-1
-1
-1
-1
-1
-1
-1
-1
-1
-1
-1
-1
-1
-1
-1
-1
-1
-1
-1
-1
-1
-1
-1
-1
-1
-1
-1
-1
-1
-1
-1
-1
-1
-1
-1
-1
-1
-1
-1
-1
-1
-1
-1
-1
-1
-1
-1
-1
-1
-1
-1
-1
-1
-1
-1
-1
-1
-1
-1
-1
-1
-1
-1
-1
-1
-1
-1
-1
-1
-1
-1
-1
-1
-1
-1
-1
-1
-1
-1
-1
-1
-1
-1
-1
-1
-1
-1
-1
-1
-1
-1
-1
-1
-1
-1
-1
-1
-1
-1
-1
-1
-1
-1
-1
-1
-1
-1
-1
-1
-1
-1
-1
-1
-1
-1
-1
-1
-1
-1
-1
-1
-1
-1
-1
-1
-1
-1
-1
-1
-1
-1
-1
-1
-1
-1
-1
-1
-1
-1
-1
-1
-1
-1
-1
-1
-1
-1
-1
-1
-1
-1
-1
-1
-1
-1
-1
-1
-1
-1
-1
-1
-1
-1
-1
-1
-1
-1
-1
-1
-1
-1
-1
-1
-1
-1
-1
-1
-1
-1
-1
-1
-1
-1
-1
-1
-1
-1
-1
-1
-1
-1
-1
-1
-1
-1
-1
-1
-1
-1
-1
-1
-1
-1
-1
-1
-1
-1
-1
-1
-1
-1
-1
-1
-1
-1
-1
-1
-1
-1
-1
-1
-1
-1
-1
-1
-1
-1
-1
-1
-1
-1
-1
-1
-1
-1
-1
-1
-1
-1
-1
-1
-1
-1
-1
-1
-1
-1
-1
-1
-1
-1
-1
-1
-1
-1
-1
-1
-1
-1
-1
-1
-1
-1
-1
-1
-1
-1
-1
-1
-1
-1
-1
-1
-1
-1
-1
-1
-1
-1
-1
-1
-1
-1
-1
-1
-1
-1
-1
-1
-1
-1
-1
-1
-1
-1
-1
-1
-1
-1
-1
-1
-1
-1
-1
-1
-1
-1
-1
-1
-1
-1
-1
-1
-1
-1
-1
-1
-1
-1
-1
-1
-1
-1
-1
-1
-1
-1
-1
-1
-1
-1
-1
-1
-1
-1
-1
-1
-1
-1
-1
-1
-1
-1
-1
-1
-1
-1
-1
-1
-1
-1
-1
-1
-1
-1
-1
-1
-1
-1
-1
-1
-1
-1
-1
-1
-1
-1
-1
-1
-1
-1
-1
-1
-1
-1
-1
-1
-1
-1
-1
-1
-1
-1
-1
-1
-1
-1
-1
-1
-1
-1
-1
-1
-1
-1
-1
-1
-1
-1
-1
-1
-1
-1
-1
-1
-1
-1
-1
-1
-1
-1
-1
-1
-1
-1
-1
-1
-1
-1
-1
-1
-1
-1
-1
-1
-1
-1
-1
-1
-1
-1
-1
-1
-1
-1
-1
-1
-1
-1
-1
-1
-1
-1
-1
-1
-1
-1
-1
-1
-1
-1
-1
-1
-1
-1
-1
-1
-1
-1
-1
-1
-1
-1
-1
-1
-1
-1
-1
-1
-1
-1
-1
-1
-1
-1
-1
-1
-1
-1
-1
-1
-1
-1
-1
-1
-1
-1
-1
-1
-1
-1
-1
-1
-1
-1
-1
-1
-1
-1
-1
-1
-1
-1
-1
-1
-1
-1
-1
-1
-1
-1
-1
-1
-1
-1
-1
-1
-1
-1
-1
-1
-1
-1
-1
-1
-1
-1
-1
-1
-1
-1
-1
-1
-1
-1
-1
-1
-1
-1
-1
-1
-1
-1
-1
-1
-1
-1
-1
-1
-1
-1
-1
-1
-1
-1
-1
-1
-1
-1
-1
-1
-1
-1
-1
-1
-1
-1
-1
-1
-1
-1
-1
-1
-1
-1
-1
-1
-1
-1
-1
-1
-1
-1
-1
-1
-1
-1
-1
-1
-1
-1
-1
-1
-1
-1
-1
-1
-1
-1
-1
-1
-1
-1
-1
-1
-1
-1
-1
-1
-1
-1
-1
-1
-1
-1
-1
-1
-1
-1
-1
-1
-1
-1
-1
-1
-1
-1
-1
-1
-1
-1
-1
-1
-1
-1
-1
-1
-1
-1
-1
-1
-1
-1
-1
-1
-1
-1
-1
-1
-1
-1
-1
-1
-1
-1
-1
-1
-1
-1
-1
-1
-1
-1
-1
-1
-1
-1
-1
-1
-1
-1
-1
-1
-1
-1
-1
-1
-1
-1
-1
-1
-1
-1
-1
-1
-1
-1
-1
-1
-1
-1
-1
-1
-1
-1
-1
-1
-1
-1
-1
-1
-1
-1
-1
-1
-1
-1
-1
-1
-1
-1
-1
-1
-1
-1
-1
-1
-1
-1
-1
-1
-1
-1
-1
-1
-1
-1
-1
-1
-1
-1
-1
-1
-1
-1
-1
-1
-1
-1
-1
-1
-1
-1
-1
-1
-1
-1
-1
-1
-1
-1
-1
-1
-1
-1
-1
-1
-1
-1
-1
-1
-1
-1
-1
-1
-1
-1
-1
-1
-1
-1
-1
-1
-1
-1
-1
-1
-1
-1
-1
-1
-1
-1
-1
-1
-1
-1
-1
-1
-1
-1
-1
-1
-1
-1
-1
-1
-1
-1
-1
-1
-1
-1
-1
-1
-1
-1
-1
-1
-1
-1
-1
-1
-1
-1
-1
-1
-1
-1
-1
-1
-1
-1
-1
-1
-1
-1
-1
-1
-1
-1
-1
-1
-1
-1
-1
-1
-1
-1
-1
-1
-1
-1
-1
-1
-1
-1
-1
-1
-1
-1
-1
-1
-1
-1
-1
-1
-1
-1
-1
-1
-1
-1
-1
-1
-1
-1
-1
-1
-1
-1
-1
-1
-1
-1
-1
-1
-1
-1
-1
-1
-1
-1
-1
-1
-1
-1
-1
-1
-1
-1
-1
-1
-1
-1
-1
-1
-1
-1
-1
-1
-1
-1
-1
-1
-1
-1
-1
-1
704
-1
-1
-1
-1
-1
-1
-1
-1
-1
-1
-1
-1
-1
-1
-1
-1
-1
-1
-1
-1
-1
-1
-1
-1
-1
-1
-1
-1
-1
-1
-1
-1
-1
-1
-1
-1
-1
-1
-1
-1
-1
-1
825
-1
-1
-1
-1
-1
-1
-1
-1
-1
-1
-1
-1
-1
-1
-1
-1
-1
-1
-1
-1
-1
-1
-1
-1
-1
-1
-1
-1
-1
-1
704
-1
-1
-1
-1
-1
-1
248
-1
-1
-1
-1
-1
-1
-1
-1
-1
-1
-1
-1
-1
-1
-1
-1
-1
-1
-1
-1
-1
-1
-1
-1
-1
-1
-1
-1
-1
-1
-1
-1
-1
-1
-1
-1
-1
-1
-1
-1
-1
-1
-1
704
-1
-1
-1
-1
-1
-1
-1
-1
-1
-1
-1
-1
-1
-1
-1
-1
-1
-1
-1
-1
-1
-1
-1
-1
-1
-1
1196
-1
-1
-1
-1
-1
-1
-1
-1
-1
-1
-1
-1
-1
-1
-1
-1
-1
-1
-1
-1
-1
-1
-1
-1
-1
-1
-1
-1
-1
-1
-1
-1
-1
-1
-1
-1
-1
825
-1
-1
-1
-1
-1
-1
-1
-1
-1
-1
-1
-1
-1
-1
-1
-1
-1
-1
-1
-1
-1
-1
-1
1050
1261
825
-1
-1
-1
-1
-1
-1
-1
-1
-1
-1
-1
-1
-1
-1
1940
-1
-1
-1
-1
-1
-1
-1
-1
-1
-1
-1
-1
-1
-1
-1
-1
-1
1598
-1
-1
-1
-1
-1
-1
-1
-1
-1
-1
-1
-1
-1
-1
-1
-1
-1
-1
-1
-1
-1
-1
-1
-1
-1
-1
-1
-1
-1
-1
-1
-1
-1
-1
-1
-1
-1
-1
-1
-1
-1
-1
-1
-1
-1
-1
822
1189
-1
-1
-1
-1
-1
-1
-1
-1
-1
-1
-1
-1
-1
-1
-1
-1
-1
-1
-1
1261
-1
107
-1
-1
-1
-1
-1
-1
-1
-1
704
-1
-1
1502
-1
-1
-1
704
-1
-1
-1
-1
-1
-1
-1
-1
898
-1
-1
-1
-1
-1
-1
-1
-1
-1
-1
-1
-1
-1
-1
-1
-1
-1
-1
-1
-1
704
-1
-1
-1
-1
-1
-1
-1
-1
596
1516
-1
-1
-1
-1
-1
-1
-1
-1
-1
-1
-1
765
-1
-1
-1
-1
-1
-1
-1
-1
-1
-1
-1
-1
-1
-1
-1
-1
-1
-1
-1
-1
-1
-1
-1
-1
-1
-1
1894
-1
-1
-1
-1
-1
-1
-1
-1
-1
-1
-1
-1
-1
1513
-1
-1
-1
-1
-1
-1
-1
704
704
-1
-1
-1
-1
-1
1454
-1
-1
-1
704
-1
-1
-1
-1
-1
-1
-1
-1
-1
-1
-1
-1
-1
-1
-1
-1
-1
-1
-1
825
-1
448
-1
-1
-1
-1
-1
-1
-1
-1
-1
-1
-1
-1
704
-1
-1
-1
-1
837
-1
-1
-1
-1
282
-1
-1
-1
704
-1
-1
-1
-1
-1
-1
-1
-1
1606
-1
-1
-1
-1
-1
-1
-1
-1
-1
-1
704
-1
-1
-1
1689
-1
-1
-1
-1
-1
467
-1
-1
-1
-1
-1
-1
405
-1
1913
-1
-1
-1
-1
704
-1
-1
-1
-1
-1
-1
-1
-1
-1
-1
704
1894
-1
-1
-1
-1
-1
-1
1663
-1
-1
-1
-1
228
1475
-1
-1
-1
-1
-1
-1
-1
448
-1
973
1928
599
-1
-1
-1
-1
-1
-1
448
-1
-1
888
-1
704
-1
-1
1392
-1
-1
-1
-1
-1
-1
-1
-1
-1
-1
-1
-1
-1
949
-1
-1
-1
-1
-1
-1
-1
-1
916
-1
-1
-1
837
-1
-1
260
-1
704
1812
-1
-1
-1
-1
405
-1
-1
-1
644
-1
-1
-1
-1
-1
-1
-1
-1
-1
-1
-1
-1
-1
-1
-1
-1
-1
-1
-1
-1
704
-1
-1
837
-1
778
-1
772
448
-1
1096
92
-1
-1
-1
94
-1
-1
-1
704
-1
-1
-1
-1
-1
-1
-1
325
-1
-1
-1
1592
-1
-1
1189
-1
-1
-1
-1
-1
931
-1
1262
1196
-1
592
-1
-1
-1
825
-1
-1
-1
-1
-1
-1
-1
-1
367
704
1416
-1
-1
-1
916
-1
-1
1493
-1
-1
-1
-1
-1
-1
-1
-1
-1
1437
-1
-1
-1
-1
-1
-1
-1
-1
-1
-1
-1
-1
-1
631
-1
-1
1196
1232
-1
-1
1437
-1
-1
-1
-1
-1
-1
721
-1
-1
-1
1456
-1
592
-1
-1
-1
-1
-1
-1
207
825
-1
1048
-1
596
631
-1
-1
92
596
-1
-1
-1
-1
-1
596
448
-1
-1
-1
-1
-1
-1
-1
-1
-1
1493
793
1752
-1
-1
1577
1196
-1
-1
-1
207
949
-1
-1
949
-1
-1
-1
704
405
973
-1
-1
-1
-1
-1
596
921
-1
-1
-1
-1
-1
-1
1770
-1
-1
-1
-1
-1
-1
-1
-1
-1
-1
-1
-1
-1
-1
1913
1179
-1
-1
822
-1
-1
704
-1
-1
-1
-1
325
-1
-1
-1
1913
-1
-1
405
-1
984
1493
-1
-1
-1
822
-1
-1
-1
-1
-1
-1
-1
949
325
-1
-1
149
-1
-1
-1
-1
-1
-1
-1
704
405
1031
-1
1493
1437
-1
-1
-1
-1
-1
-1
-1
-1
448
-1
-1
1713
-1
1894
-1
770
-1
825
-1
-1
770
-1
192
-1
-1
1196
-1
-1
-1
-1
-1
-1
-1
-1
1751
596
-1
-1
-1
-1
-1
949
-1
-1
-1
-1
-1
837
1400
596
-1
125
-1
596
-1
-1
1749
-1
-1
-1
704
-1
-1
917
973
-1
1551
-1
-1
-1
-1
-1
825
-1
1894
448
-1
1938
-1
1261
596
837
-1
704
-1
-1
-1
-1
-1
1475
-1
-1
542
-1
984
-1
-1
-1
-1
-1
-1
1366
-1
-1
-1
-1
1493
277
-1
-1
1812
-1
1812
-1
-1
-1
-1
-1
-1
-1
-1
-1
-1
704
888
448
-1
-1
1732
-1
1812
-1
277
826
-1
-1
1951
-1
-1
-1
1752
-1
984
-1
1298
552
-1
1493
207
-1
53
405
1802
-1
-1
-1
-1
-1
-1
1364
1914
1161
-1
-1
-1
-1
-1
-1
-1
1446
-1
1867
-1
803
-1
-1
-1
676
-1
-1
-1
-1
-1
-1
1364
-1
-1
-1
-1
-1
-1
-1
-1
-1
1400
-1
704
405
1031
-1
391
825
1097
-1
-1
-1
-1
-1
1420
1606
-1
825
-1
-1
-1
1416
-1
770
-1
228
1318
-1
260
596
1802
-1
1873
-1
1051
-1
-1
1598
405
-1
-1
626
-1
-1
-1
-1
-1
-1
1809
-1
-1
596
-1
-1
-1
888
704
973
-1
-1
440
-1
1514
1091
-1
-1
-1
-1
-1
-1
394
-1
704
448
-1
428
448
-1
920
-1
778
511
574
1037
704
39
-1
-1
-1
-1
1621
-1
-1
-1
973
-1
125
1867
-1
-1
448
-1
518
-1
596
-1
778
209
-1
-1
-1
166
-1
-1
1919
-1
-1
-1
448
448
1456
1561
-1
704
-1
-1
704
-1
-1
-1
-1
704
-1
-1
1261
1284
-1
-1
-1
-1
-1
825
915
-1
-1
1400
-1
-1
-1
92
1475
1377
-1
-1
1051
-1
704
569
-1
704
-1
-1
1031
-1
-1
1400
1802
-1
-1
704
467
448
-1
-1
1366
-1
-1
-1
207
391
448
1343
1682
1298
267
120
-1
-1
-1
-1
1137
257
-1
-1
-1
-1
-1
448
-1
-1
-1
-1
-1
-1
898
1894
391
-1
-1
-1
277
-1
-1
-1
-1
-1
-1
704
825
631
-1
-1
-1
1802
573
704
-1
-1
1359
1364
-1
-1
207
772
-1
-1
-1
-1
1741
448
1751
-1
1209
793
-1
973
-1
-1
-1
-1
-1
-1
1629
1475
596
-1
1561
-1
825
1565
-1
1621
207
1770
704
-1
207
-1
-1
1137
-1
-1
704
-1
592
1360
-1
425
979
1493
-1
-1
-1
704
-1
-1
-1
-1
-1
-1
-1
-1
770
704
-1
-1
-1
1131
-1
1752
-1
1196
840
428
949
448
-1
-1
-1
704
1334
704
-1
1437
770
-1
-1
448
300
825
-1
-1
-1
1629
1437
-1
118
-1
39
552
166
125
476
1846
907
-1
602
-1
109
347
-1
-1
-1
-1
-1
-1
898
228
428
1732
448
1303
-1
-1
1884
-1
-1
511
1621
-1
-1
-1
592
272
443
-1
-1
551
1923
1809
-1
1632
-1
825
1682
-1
467
596
1062
1870
-1
118
770
-1
825
-1
1489
-1
345
-1
228
1126
1732
949
631
-1
838
1051
-1
-1
-1
1327
-1
1334
-1
-1
72
898
-1
-1
1668
260
-1
862
-1
898
825
1751
949
-1
-1
1621
-1
837
-1
898
709
770
53
1009
448
704
-1
596
1373
-1
1936
-1
-1
1364
207
-1
210
-1
1592
-1
-1
1932
862
596
-1
573
-1
-1
-1
77
1689
704
1050
1196
-1
1632
838
-1
1414
1639
-1
596
92
-1
-1
485
-1
448
-1
704
-1
-1
-1
-1
1175
1681
167
920
1913
1097
1809
1097
-1
-1
1414
-1
-1
-1
448
-1
-1
207
704
-1
-1
1732
704
-1
-1
1037
825
1801
5
448
-1
277
1644
1606
704
1699
-1
-1
778
1379
-1
-1
156
1091
448
-1
704
898
1094
-1
-1
-1
984
490
-1
257
-1
1493
467
1360
1565
1094
898
1091
1179
1713
1175
1668
-1
-1
-1
448
1606
-1
1475
1770
-1
-1
-1
-1
1842
1298
1846
935
-1
949
448
-1
704
1809
704
596
1535
386
1601
-1
-1
1923
596
837
721
-1
-1
-1
-1
898
-1
1751
1532
1811
-1
1846
1732
448
1170
-1
-1
837
909
1894
192
-1
-1
-1
626
394
704
448
825
1870
1555
-1
1091
704
-1
1536
898
1802
-1
-1
1343
-1
1732
448
-1
209
-1
-1
-1
-1
448
1894
1870
1668
949
-1
-1
554
704
-1
1303
1196
428
-1
-1
596
778
94
-1
-1
551
-1
898
1565
596
1870
-1
-1
1298
1493
1644
1413
-1
1493
-1
-1
569
197
-1
1037
448
704
704
-1
-1
423
-1
1600
-1
-1
1031
-1
704
1546
1555
-1
825
-1
-1
-1
1409
1732
-1
704
1732
448
-1
1923
825
-1
-1
-1
1809
1117
1209
207
-1
-1
92
1817
448
1021
-1
1424
825
737
596
1050
1510
704
-1
682
1770
1343
1928
-1
1565
825
1536
-1
145
545
1532
596
825
-1
1137
-1
448
1021
-1
325
78
156
-1
-1
826
1364
1723
-1
1565
448
1131
1866
1076
898
1923
-1
-1
1343
165
836
-1
1598
372
448
822
414
-1
-1
-1
-1
1801
1691
1870
704
-1
949
-1
1138
-1
1009
888
1867
704
-1
448
-1
448
825
448
1913
803
1386
521
-1
-1
744
825
-1
949
596
-1
-1
367
1929
1809
1938
-1
883
405
1809
-1
-1
-1
-1
-1
-1
704
-1
704
704
277
428
898
1244
682
-1
-1
-1
1245
1364
-1
949
372
704
-1
-1
-1
-1
1629
347
803
-1
448
704
-1
-1
1732
125
207
837
1589
-1
-1
-1
1413
1215
568
1914
-1
704
1751
1400
-1
704
949
1565
-1
1565
1493
-1
691
898
-1
1333
1593
448
-1
1546
-1
1091
765
448
452
-1
235
888
-1
1493
1136
1809
-1
553
704
825
1037
1279
-1
448
596
1409
888
1812
125
448
1117
257
-1
-1
-1
336
-1
704
1037
-1
1752
825
704
888
448
448
1138
-1
-1
1845
1570
-1
935
-1
-1
-1
1196
1789
596
1096
1723
1475
55
405
-1
1437
-1
448
-1
825
1565
-1
-1
1561
907
-1
448
628
1928
-1
-1
-1
825
1097
72
704
1917
-1
29
-1
704
1810
-1
1749
704
1561
663
-1
1914
448
532
459
1951
-1
-1
-1
1094
494
1325
-1
1663
-1
631
704
-1
1527
1607
625
-1
448
-1
1504
704
-1
-1
1493
258
-1
837
125
770
235
1536
1846
-1
596
-1
452
-1
140
-1
770
1650
448
-1
916
999
1493
405
511
-1
1232
-1
1565
-1
553
1928
-1
-1
394
1644
1632
704
898
770
-1
1196
-1
953
574
300
1047
883
-1
448
704
-1
888
1424
-1
777
1456
917
-1
-1
1359
921
704
-1
766
-1
-1
-1
973
-1
1663
-1
1343
-1
1445
1196
1570
-1
984
-1
-1
145
-1
971
-1
851
448
837
1894
350
1681
228
770
-1
1749
1414
448
-1
825
1475
1062
680
-1
772
367
1689
488
423
1749
1894
1846
-1
1536
92
-1
596
704
1420
-1
754
-1
207
825
1527
-1
430
-1
715
704
1770
596
770
-1
448
-1
-1
-1
-1
1620
405
949
140
825
-1
325
602
1562
1728
1913
975
1870
-1
-1
609
280
704
55
-1
1770
704
1037
949
1450
1493
1274
-1
1037
209
1400
-1
-1
975
-1
-1
1846
888
949
1894
-1
-1
5
-1
825
825
448
1949
448
1493
-1
976
1861
1492
-1
1913
574
1475
1050
502
-1
-1
69
704
-1
92
-1
-1
23
888
573
-1
-1
574
1741
235
1492
-1
-1
6
1894
-1
254
-1
1043
72
1343
704
1751
552
1778
207
1050
1577
493
1936
-1
697
428
704
-1
553
704
704
145
72
-1
920
92
1425
1872
574
1416
-1
207
1928
1647
-1
792
-1
982
-1
1655
386
1732
737
-1
898
825
704
448
-1
1493
704
-1
1196
1913
207
1842
-1
973
888
573
1048
826
448
663
1596
29
1424
72
-1
704
-1
1431
-1
1846
318
-1
-1
704
1424
978
680
1842
1732
-1
1582
448
-1
1424
1431
898
1343
1009
1632
1021
1606
704
596
1135
-1
1437
-1
596
-1
-1
1724
-1
1629
704
-1
599
704
1209
-1
1531
1161
-1
228
802
1577
448
1131
1751
563
704
258
493
-1
1565
1094
978
405
1764
1137
-1
-1
-1
596
179
1493
825
448
-1
-1
1894
448
704
260
1764
822
837
405
1360
1504
448
423
-1
-1
-1
704
825
-1
982
949
1923
704
1770
428
826
-1
1949
-1
704
1215
1437
1416
1577
1343
72
704
1096
1392
-1
704
1493
-1
772
347
669
1729
793
1009
1770
1137
1364
39
476
448
-1
1445
1497
36
-1
-1
1172
1546
448
-1
1534
1812
303
1327
819
1817
772
280
448
972
704
-1
-1
53
365
-1
-1
1540
1119
793
-1
1811
-1
841
1565
1492
1732
1872
1493
888
1348
391
448
431
1846
-1
1037
825
1204
1562
731
1807
411
1031
778
501
-1
596
197
430
1887
1732
-1
1492
-1
448
1593
770
405
1751
-1
1196
-1
822
704
448
704
590
1562
257
-1
260
1797
1555
1770
-1
1475
-1
1734
786
448
1913
414
704
880
880
770
272
39
448
448
-1
347
267
1196
825
1762
1565
1246
1718
-1
704
837
1241
414
1682
-1
448
883
704
-1
241
704
-1
1215
-1
-1
982
442
1648
1764
-1
1539
1400
-1
-1
1732
1632
-1
320
-1
1682
1793
920
1812
916
448
1493
1360
1538
-1
1923
825
-1
1577
953
883
1031
704
1008
448
704
973
888
837
1532
448
686
596
1475
770
1655
995
686
-1
405
349
-1
1900
1732
1493
-1
887
1751
365
1539
-1
115
448
280
448
39
1812
207
72
1324
704
-1
625
637
1475
1504
-1
973
502
57
502
448
596
1802
1489
-1
294
1196
-1
1298
1928
837
737
1578
1889
-1
1812
504
-1
938
448
1718
934
1770
-1
704
207
448
448
448
1495
888
330
318
372
77
686
-1
274
467
414
209
596
1541
1894
1343
-1
919
254
1682
1031
1031
-1
405
-1
1487
537
-1
596
504
1874
1196
-1
405
29
880
-1
1621
-1
-1
704
-1
1196
-1
920
448
1540
793
1047
1170
1495
1493
772
-1
1894
595
-1
838
448
-1
1238
1732
770
-1
-1
898
448
1913
704
1031
-1
-1
842
1812
1137
1298
1221
1483
1874
1655
1582
1493
-1
737
1534
-1
1846
-1
1261
320
-1
1857
-1
1031
1846
-1
451
704
970
448
938
1210
-1
-1
207
713
949
972
1589
1541
1493
-1
551
1550
277
1932
1493
1025
-1
704
826
1644
448
397
1373
-1
1870
-1
98
-1
704
98
1437
-1
1689
-1
1493
1198
882
-1
489
971
166
1621
-1
270
1684
349
118
-1
1682
521
898
141
770
1497
-1
209
898
-1
692
-1
1894
1870
56
1445
260
-1
-1
737
-1
-1
207
1884
825
929
704
770
792
1178
149
1550
1884
29
704
521
-1
448
1535
1644
274
1501
626
1041
1802
819
1663
-1
596
1492
149
448
405
522
704
-1
1650
1739
141
1601
-1
-1
704
405
-1
1546
1817
1504
1923
254
1031
260
-1
984
1493
1245
1629
207
704
709
1913
1091
1511
1424
145
448
1338
1639
192
976
448
737
207
704
1021
-1
-1
898
1815
448
1802
704
704
-1
-1
1729
1254
631
-1
825
1639
825
825
704
1215
448
628
342
902
1493
-1
423
446
704
1884
448
1751
1600
1598
1723
1437
737
978
1334
1565
771
908
1326
1655
411
995
1445
1414
277
1510
1193
77
1606
-1
898
235
493
-1
1914
-1
207
-1
1919
245
978
902
1842
1303
195
79
1866
1364
704
1041
-1
1874
837
-1
284
-1
280
949
1008
61
1196
1274
1181
637
1514
704
770
888
145
1364
1137
-1
704
704
272
1416
125
1728
1657
192
909
715
1689
609
228
1413
1743
1530
1752
1632
-1
-1
1565
838
-1
-1
1689
-1
838
704
1445
-1
554
-1
-1
822
-1
1801
704
39
260
1492
-1
697
-1
1373
596
23
1445
596
554
-1
908
704
391
320
1815
448
1536
1752
-1
596
949
971
272
1536
-1
-1
1279
1048
1913
-1
825
1888
837
-1
-1
973
704
934
949
-1
428
628
916
-1
-1
704
1648
-1
822
1204
854
962
552
825
-1
596
1255
-1
469
38
1037
825
1684
1497
-1
1262
516
1483
1812
888
1327
971
1025
1699
1409
1732
973
1723
207
1550
1037
971
1493
-1
1244
704
129
1181
1569
1888
-1
1196
1334
704
63
1062
819
544
-1
1493
419
770
325
629
514
1770
1437
1034
1531
-1
704
681
1373
-1
704
72
272
573
1849
1196
1565
235
890
1454
1439
1379
1928
1842
-1
826
1513
36
704
704
1409
-1
1137
448
-1
-1
576
596
-1
1913
1037
772
596
949
300
793
521
-1
-1
372
1561
553
-1
-1
596
-1
982
448
1445
1420
1367
663
681
73
272
448
1689
1908
1699
596
342
-1
1743
-1
908
793
1136
-1
1530
1846
1749
502
1008
1037
704
1534
1261
325
-1
1812
1565
521
715
-1
-1
72
883
1161
448
596
365
228
405
898
1031
207
448
350
1802
125
629
423
448
1267
-1
976
145
1137
1437
819
822
1501
1884
825
596
-1
596
669
973
1294
1274
1400
1941
55
770
-1
-1
573
-1
451
1493
166
445
949
-1
209
826
794
669
-1
704
448
704
609
1582
880
837
704
1621
686
1870
704
704
1793
1493
961
1091
1409
596
1923
614
207
1009
-1
1913
1732
631
448
311
1181
397
1497
258
254
1913
625
888
755
1842
902
1334
280
979
551
1577
641
1359
-1
260
448
809
898
405
704
631
-1
1770
1713
1161
1047
770
1095
704
1812
596
1043
-1
704
1887
1493
704
1334
1894
1900
1360
-1
448
837
467
754
949
-1
490
1812
690
149
-1
1400
1928
982
305
1846
825
1769
1343
1456
1493
828
1546
1632
569
272
1221
1209
1582
731
825
1929
1601
1648
330
1872
448
1826
448
1751
448
448
209
448
1487
1095
192
1550
596
837
1539
1809
1327
704
978
-1
1196
-1
353
1828
345
1872
448
516
1430
-1
840
1241
1601
1867
978
347
482
1400
1246
704
-1
210
1809
1734
1923
1437
1663
770
516
1437
116
-1
1298
448
1215
1927
1037
-1
405
228
1392
1629
1928
72
1238
-1
-1
1928
833
1668
1621
1668
266
311
125
887
195
405
-1
802
-1
451
898
1514
1565
442
1215
880
1009
394
448
1849
554
282
197
-1
117
207
-1
448
145
448
448
1900
-1
-1
1021
228
1802
419
1126
1492
94
793
1532
793
1196
448
448
898
405
467
811
502
405
1181
552
825
228
1885
-1
1495
704
-1
1712
38
984
323
1732
-1
448
735
1929
1928
448
-1
1172
1828
1364
888
819
825
-1
1682
393
-1
448
1809
1119
704
1495
1413
145
596
482
277
1246
982
704
825
1928
1220
448
207
448
1386
-1
888
-1
1260
1639
898
1196
1493
1274
1802
-1
308
1493
1315
79
770
1812
88
274
-1
931
1343
63
308
1732
-1
372
270
104
793
-1
1348
1817
704
971
179
973
1644
-1
1932
715
125
-1
-1
1261
448
1445
1917
837
1606
623
1267
-1
225
962
1870
825
450
685
770
685
704
448
-1
1403
1793
266
669
1809
1938
120
1689
-1
1762
1196
1817
145
365
704
365
84
595
-1
1718
627
521
902
1009
704
397
1091
595
596
704
323
-1
448
-1
1493
681
1198
949
1261
448
663
-1
1048
179
1495
1137
825
-1
802
676
339
1699
837
1729
770
1416
1343
129
1812
770
448
-1
1535
448
971
917
1026
1846
284
799
1872
397
704
448
592
1094
-1
393
1145
837
1752
405
919
-1
291
1246
1137
61
448
982
1359
331
1369
197
165
984
-1
163
973
1812
448
405
1456
573
1732
1894
1894
721
448
1254
1445
1913
448
125
825
411
1349
819
976
1046
1928
825
-1
508
1541
-1
1386
596
-1
72
1870
1845
323
949
-1
1870
76
898
1294
1749
1923
793
257
819
347
284
1732
-1
825
260
63
1493
790
825
1244
84
448
978
888
1689
888
961
793
1699
257
1732
622
825
1456
898
920
1445
1145
1343
822
276
1091
-1
898
1546
1075
826
1215
-1
1903
770
448
195
-1
430
982
1874
1514
-1
241
1137
1037
898
1094
210
949
405
-1
825
888
1095
1596
837
-1
1713
-1
803
1562
1246
448
888
1047
345
1041
428
704
1196
1734
1691
851
792
423
704
1867
640
207
631
1070
1348
778
882
772
1668
1037
887
704
88
1538
916
1008
1437
888
-1
898
1846
-1
805
1062
1244
156
825
448
1470
573
1532
537
1846
826
493
140
837
737
1369
825
826
1425
448
685
1164
1749
485
825
704
623
448
1475
1483
509
1008
448
1589
448
916
1565
1493
1511
984
1724
970
294
1091
1091
1091
596
576
690
448
448
1091
961
1749
482
405
704
1456
984
1454
1551
1846
21
686
225
33
596
254
39
258
770
1196
1493
448
809
819
973
596
405
-1
94
825
1254
1424
715
1691
1119
1215
1196
92
984
882
596
574
448
448
1887
1493
1812
-1
1917
-1
462
558
704
825
1393
704
1815
629
595
448
1076
448
681
1231
825
692
39
1657
391
1348
574
448
1546
908
1506
995
331
1913
1576
-1
1846
277
1091
1097
1138
1681
1812
1424
915
626
311
1343
489
1373
1145
1041
411
1650
973
1489
405
1037
451
1493
692
972
888
163
-1
448
822
448
514
704
430
1900
692
1762
448
709
697
448
1196
448
596
1884
1096
1008
300
1712
1762
39
482
163
1495
573
949
1681
1063
-1
1416
423
984
1492
272
1034
1204
770
56
1126
118
704
704
-1
837
626
405
350
448
1413
1058
1333
277
627
1246
1041
-1
704
685
467
440
1369
44
596
394
-1
-1
1702
145
1883
1663
448
1094
704
1649
1210
1894
38
563
1809
163
1561
1181
1699
-1
1185
1762
1702
704
715
704
501
599
880
-1
423
405
1618
1343
1246
1424
949
261
1612
38
625
39
1807
-1
1037
1764
1743
508
-1
1226
793
1812
-1
837
-1
1493
120
161
805
207
1373
1583
704
1655
1612
1870
888
641
1802
1890
1870
825
1456
1652
825
365
-1
916
1244
607
1629
704
771
-1
280
1495
-1
1244
1648
-1
347
795
842
704
770
72
1550
793
1543
704
1846
1587
1655
890
1751
442
1333
573
61
88
715
825
379
1096
1812
235
1131
391
448
934
888
704
1718
448
-1
1682
1846
423
1692
-1
1908
1096
704
441
347
405
1928
704
21
596
448
704
1872
305
1706
1456
448
704
1366
129
1424
984
1870
77
1846
704
953
1228
704
704
166
1172
778
1279
1736
908
704
448
1228
448
970
516
898
167
311
-1
704
1851
-1
1336
704
140
1401
1593
1788
596
1474
1743
1233
888
405
1294
1246
888
195
1495
1702
319
592
1215
1172
277
1689
805
448
-1
1565
53
448
1424
1226
637
1327
825
448
36
445
1075
722
219
898
-1
704
631
990
709
704
1170
1511
1445
1536
1565
57
1713
1451
888
825
430
308
301
1769
1663
704
1475
987
1644
1699
1474
-1
833
245
1475
681
715
704
984
1872
448
1888
1392
-1
1543
209
574
1561
953
284
347
1578
596
1851
623
379
-1
161
596
1621
971
1632
704
770
125
1870
379
1501
167
372
1890
448
-1
1606
448
1373
1872
1576
1267
1712
448
342
1577
1565
985
508
1513
1043
1373
704
1684
704
1541
1437
502
1246
1475
1802
125
120
949
771
1618
448
266
1196
-1
825
825
-1
595
984
888
308
1373
614
1802
448
1037
1360
394
704
1333
1770
676
596
349
451
837
-1
681
448
1196
537
1870
1400
1817
57
1596
1493
1437
825
488
704
228
825
1196
39
1887
347
1324
1689
21
1565
1414
1296
887
1495
704
1137
448
704
1233
898
704
-1
754
94
770
743
920
704
1497
5
448
805
1145
908
898
1643
1846
1872
1802
1770
1622
574
1170
1513
908
887
715
590
1377
1154
715
1842
704
809
1324
508
1788
1894
448
323
1362
38
445
194
888
1185
999
1274
1037
442
1657
1913
1846
1482
291
347
1787
318
88
1244
-1
573
195
920
1746
1284
704
898
1099
1809
704
1887
255
825
423
596
704
1459
1409
209
625
1025
825
145
837
984
448
908
1434
908
704
1713
596
704
1592
1764
448
405
452
1475
311
826
1081
1367
971
405
697
448
411
1702
973
1196
704
397
-1
1493
1475
303
476
1749
-1
2
448
1135
156
1689
1373
1255
-1
1031
1037
448
1817
125
1846
1084
704
397
1031
825
33
1493
799
1373
987
1343
1732
704
982
772
704
898
258
1343
1217
828
1894
1746
825
305
1689
1137
1577
1326
292
704
1493
-1
397
715
819
595
888
1076
448
-1
551
94
1874
277
1493
-1
100
292
1870
448
1702
201
614
715
883
825
501
1543
1430
1565
1475
1326
294
1031
837
485
430
292
79
489
637
622
-1
78
1846
1348
443
258
768
493
29
934
898
1413
558
1814
1809
1324
715
793
451
576
-1
1437
1851
1894
1622
704
1373
704
825
1094
704
573
1492
704
353
1489
631
1493
1598
1373
990
1821
772
772
1802
377
489
1196
704
704
554
431
1802
5
402
1196
622
1872
342
347
125
979
-1
448
129
207
209
838
837
-1
1196
125
1031
704
1131
38
1091
1913
553
1514
1551
1723
1369
473
1612
1434
1181
602
1343
1470
1870
888
228
554
542
207
257
532
1600
459
347
1866
825
448
888
448
472
1729
1091
1649
425
1770
166
1495
1318
786
898
1414
201
216
1050
578
704
975
1170
596
744
1802
935
590
704
1929
1514
1857
459
1643
908
1008
1689
906
704
819
949
311
260
1164
1504
990
1196
448
1196
825
323
1842
1351
1923
704
1417
990
1254
1872
836
949
1870
284
488
1546
423
592
1437
462
837
596
1392
260
827
425
1639
574
792
141
442
1569
999
125
1031
1812
276
898
448
61
1793
1872
982
973
1076
971
1196
704
517
1928
819
1437
1894
258
825
342
1565
1493
-1
1343
704
1493
1348
704
33
1681
1689
1812
1689
602
-1
300
1474
786
596
55
640
1682
1705
1257
1561
1894
786
825
596
197
1923
1185
125
1031
1442
1417
448
1606
448
837
330
241
825
990
141
982
737
1367
1622
98
987
1870
514
1254
-1
1119
260
1846
179
1592
704
260
1561
1246
990
1257
318
704
467
197
1742
1244
1764
1746
938
544
704
770
1008
448
1793
1413
880
350
77
715
1196
448
1034
511
973
709
448
514
267
1851
984
697
1137
795
826
1913
1493
704
1812
233
704
825
778
1198
39
1075
508
448
1008
1254
1445
1577
448
704
1437
626
277
377
228
704
448
1495
553
825
704
1746
1231
862
1913
828
1870
1582
448
1510
-1
1539
704
715
125
1535
-1
257
1543
1903
448
1196
1475
1008
704
502
1233
949
441
949
916
270
393
1492
1489
1360
772
-1
1424
959
1543
1751
441
888
1172
837
1445
6
704
1870
1298
1846
1232
1475
448
-1
628
826
394
1601
910
1327
149
949
1119
369
448
1025
887
1612
1938
1873
802
1437
1913
949
308
898
1932
1495
1770
323
576
715
1866
-1
962
448
448
1175
448
916
1434
786
887
704
704
715
448
837
1493
245
1445
1874
825
704
1094
1034
1348
544
842
125
1364
197
254
704
1947
1137
1336
-1
125
1699
1596
140
935
704
448
982
1336
754
1048
161
1062
1887
467
161
929
704
973
1445
704
778
1736
1315
825
552
311
377
323
1437
825
517
1261
1091
448
916
825
882
778
405
1146
1037
1621
-1
1298
1326
595
21
793
1890
771
517
448
1598
1874
100
973
920
1245
1903
1037
1137
898
930
819
1501
1366
1751
987
1752
-1
1870
704
704
715
1884
1736
1732
391
405
972
898
898
1495
704
825
1513
1091
-1
1506
1894
637
1333
448
448
1492
704
65
448
888
-1
1170
837
257
257
308
825
959
1874
971
272
973
898
982
115
682
676
448
1929
837
284
207
898
1333
284
1475
1914
1894
1668
405
704
467
1570
1565
1233
161
1606
448
793
1057
514
1425
21
441
1451
198
1434
125
1872
1928
-1
837
89
573
973
284
553
39
448
314
692
602
888
1034
1842
1639
451
837
1237
898
826
192
1846
448
558
270
854
1809
1274
1025
1565
311
521
552
145
825
1644
1618
1936
1894
715
888
1702
-1
626
692
574
973
1393
37
1565
1729
300
842
1047
423
715
704
1343
1326
592
1424
405
-1
1400
704
1846
1577
39
448
451
825
990
291
448
1582
1008
1923
805
982
826
973
771
825
722
1849
448
704
1334
1424
423
1894
467
1817
117
1400
715
1845
1947
504
1729
1561
248
1583
971
1550
554
-1
1657
1657
1456
1570
1812
1197
-1
628
-1
754
542
1888
405
825
1021
1493
1178
180
207
1050
982
976
350
1026
1233
949
1511
962
1538
73
1437
1326
770
1655
1923
482
596
448
1367
825
1434
102
521
770
735
1644
898
1232
448
1718
1770
448
1555
1846
1802
1872
576
1885
976
888
66
825
489
704
414
508
596
197
637
883
1220
1456
1923
888
1076
729
516
207
104
898
1493
1400
1629
1143
1143
163
825
1846
448
819
819
71
825
917
1175
1362
825
1008
1424
1732
1543
1751
1493
1025
254
1227
1137
1084
254
125
92
854
1257
663
1565
284
448
822
837
509
704
209
704
110
838
1091
704
1612
1800
1888
437
1326
1898
1348
888
984
1541
1492
276
1871
795
825
766
266
822
669
448
1565
1632
277
1091
1913
347
704
347
1261
1577
1445
704
33
1031
1770
704
207
1629
537
347
1583
257
704
990
1315
469
301
266
1890
1215
596
1845
180
1770
1917
704
197
1196
1506
1351
1815
917
394
266
609
225
342
1650
887
1244
686
987
514
1009
676
1081
21
1336
350
935
882
72
219
1770
-1
1712
990
1621
1417
61
770
1565
89
1867
6
1929
921
1751
448
391
596
1565
1409
1284
822
1475
704
1713
192
1196
320
602
1561
1562
521
1062
825
1807
448
704
73
973
1655
1324
1817
508
1826
129
1261
2
1913
228
1031
704
715
1601
347
1702
640
1196
704
1650
704
1511
704
1091
665
898
1789
314
1650
1817
704
1800
704
448
325
-1
1913
156
257
21
880
448
1817
596
1493
681
482
1894
809
235
1475
1364
840
1600
786
574
898
959
1379
1535
825
704
1364
1041
596
1260
469
973
216
1736
489
888
1941
1606
1749
1392
1644
1846
1913
1401
825
347
704
1094
1009
704
1861
1809
655
825
521
72
393
949
704
339
448
1732
92
1138
663
1343
207
1493
1874
1096
229
39
1577
72
448
898
826
819
448
1037
822
448
1034
277
245
1367
1736
825
704
255
1417
72
1178
1417
1196
704
1343
516
1802
1550
573
165
1809
1749
1161
1050
704
1501
1817
448
1713
825
898
665
1732
825
888
551
490
704
448
971
277
973
704
888
1890
888
805
72
511
1010
245
1751
596
1179
1196
825
770
1870
1809
1445
1131
826
1062
291
1521
423
282
837
888
459
1583
704
308
1215
1812
1238
1009
1261
441
1802
704
1593
1501
1333
786
554
254
1809
602
1244
180
920
626
1887
1094
1729
915
1898
63
1091
1565
1681
1343
448
1809
1091
55
448
825
1639
21
1492
1817
1802
284
145
201
448
1802
704
1874
1137
1360
448
825
347
1846
1451
1445
163
377
825
681
1075
822
448
1343
305
347
257
916
916
1198
1800
786
1870
772
880
1870
207
1296
704
1026
21
1826
448
1401
448
1812
949
394
596
241
260
704
1569
825
207
1884
704
663
1492
1539
554
1718
786
1890
953
596
260
825
792
323
391
1565
1348
770
1927
469
1632
260
1802
485
1770
737
1606
786
704
1037
979
29
1094
1530
1565
207
489
511
1742
253
260
1592
1025
1851
1870
793
686
704
1096
837
686
318
704
1051
961
837
1888
-1
1516
1593
1196
1097
708
207
1749
826
596
1587
448
1802
704
1175
1849
209
842
1809
437
1565
448
209
448
516
1532
704
209
592
825
1483
1384
423
599
441
37
704
104
1621
898
908
826
1228
405
826
448
514
596
1565
982
704
448
990
79
441
448
973
837
63
704
888
596
704
88
448
452
257
1196
1589
1244
1870
207
771
1099
704
448
448
419
1712
949
1244
704
1343
1947
39
448
1196
1592
442
1025
241
596
929
1689
216
1377
704
1621
704
882
1493
949
1587
574
1215
704
1348
704
1196
423
837
1898
590
1898
898
1034
880
1793
1037
609
1867
1732
405
990
984
1343
1493
319
1923
284
973
277
1493
1778
314
704
1023
345
1031
1846
141
84
1650
141
715
1742
330
743
906
402
1303
1025
345
448
704
1689
704
66
1741
405
1185
1495
1062
697
274
916
1521
590
554
1251
516
448
1196
367
303
1475
-1
1315
898
898
809
1197
837
1373
1501
975
325
704
1210
898
898
1413
1871
1870
765
1037
602
1333
1702
1137
979
1842
1809
1400
1196
442
704
442
1870
1706
207
704
1164
1770
949
984
207
98
704
1809
216
448
448
120
573
245
1504
1928
704
77
125
1047
448
704
1409
516
39
614
888
1718
908
551
467
550
284
1137
1091
245
1456
574
393
1802
1493
1226
704
971
704
501
2
1569
590
1400
851
1008
163
842
448
609
443
207
336
1712
482
1220
825
292
1718
89
1424
441
754
938
919
704
1348
1483
467
1504
125
1062
590
704
1437
1137
192
1561
79
972
822
209
972
1070
1400
209
448
596
898
5
1809
1084
898
1424
1543
451
1326
1228
737
1812
687
1589
704
931
596
207
1596
277
973
704
1430
609
704
704
1606
1209
1629
984
825
347
1451
602
245
1648
1196
1888
1009
704
622
772
1817
704
1699
794
448
596
1031
704
448
1164
1343
982
680
704
405
1050
448
405
1241
1008
325
1364
448
735
985
207
982
596
628
-1
938
898
402
553
1474
254
89
440
1592
448
1445
1644
61
1871
33
1846
838
1903
793
973
1343
1470
504
1870
1037
583
888
1424
1437
318
1051
1811
508
1530
1267
1928
266
704
1220
704
116
1215
1923
920
1196
574
1336
1031
1898
596
282
1456
1181
448
596
596
888
197
442
84
898
448
1031
979
837
1643
1445
1521
1913
1175
765
704
448
-1
1906
53
1349
502
1884
704
1373
140
1883
1871
973
537
1592
1359
692
448
1894
1842
405
1095
228
260
125
1732
1606
614
704
704
347
1409
2
347
1343
1431
405
1091
1883
1809
1241
692
1752
1538
1749
277
1348
929
1809
405
350
1734
919
1324
61
1334
1279
207
-1
448
770
851
770
625
625
451
98
704
448
-1
1801
825
1062
1196
448
704
394
640
448
1445
372
1913
1742
1197
448
165
1648
1846
1483
704
1492
39
1732
704
770
207
1343
825
1137
1343
1196
1913
1821
1828
1894
949
627
1325
704
1470
770
277
1274
1742
1070
1238
448
1318
1809
596
1543
1644
1764
596
1742
1094
1023
1812
448
898
1450
448
451
1870
23
938
1257
521
770
448
704
145
1592
1583
1050
228
1513
448
704
405
607
1842
1729
394
595
825
277
79
56
88
686
1196
448
625
1762
1298
116
1535
982
465
614
825
1551
596
405
898
55
1037
826
765
488
-1
704
267
704
770
1809
1582
165
592
1639
596
1812
1196
1196
-1
1257
799
1349
1713
372
596
1377
1493
23
73
1583
1734
770
1215
1565
277
391
552
207
1531
207
331
451
819
920
448
1338
257
1812
1606
888
973
984
1531
448
1026
448
641
626
1622
1707
448
300
1209
1475
448
1870
898
1692
1228
1403
1885
284
141
1295
509
888
1812
1050
448
1751
1535
325
1343
1349
319
1008
898
1713
1923
1343
1821
255
452
493
448
1274
423
1493
1445
565
1178
825
592
1226
1231
880
1031
1536
704
1927
836
793
596
1884
882
704
266
1894
1770
84
-1
1598
772
704
1351
890
1446
1037
704
1215
1546
235
66
1691
488
625
1091
704
704
1866
691
729
825
207
704
971
29
1846
1409
1349
704
1209
1037
704
166
1812
1196
1947
448
982
39
743
1185
982
731
542
1131
837
920
1196
1196
1845
704
626
472
1413
1913
1929
442
1143
441
1732
544
789
1451
92
1070
1424
1928
1894
517
704
628
120
508
393
825
704
625
207
1091
545
1947
257
1384
704
1724
277
554
1241
704
778
1569
995
1689
971
219
73
448
573
574
1196
778
1812
1483
1874
377
1227
448
1063
809
149
704
1612
1246
145
921
961
448
919
1577
704
331
622
1442
1094
1751
627
1261
1749
1762
973
704
78
1898
704
1021
502
838
1871
1732
532
1732
704
568
590
1887
1707
704
257
704
704
697
999
704
795
731
681
149
1495
704
207
79
448
795
84
772
1606
44
982
972
704
704
1237
405
284
448
970
311
448
949
786
704
596
1334
1196
342
596
704
1425
973
303
284
1913
1739
1629
443
961
448
125
663
578
1532
29
1493
1769
1535
770
609
825
595
1095
919
1826
195
916
590
1712
1437
425
793
898
448
623
973
770
826
596
1414
1417
430
207
405
448
935
1493
1136
314
502
704
508
1913
1802
1037
1215
809
1812
704
568
704
704
1196
1692
1647
709
731
448
596
149
1475
267
145
825
320
1923
704
1770
1531
319
272
311
1050
1343
79
1475
825
100
125
448
448
1621
261
419
1420
1373
1707
448
637
393
1861
1506
825
1023
1451
277
704
1655
1917
825
625
704
1718
676
21
448
405
828
826
1143
1409
737
1846
704
1752
1873
1888
1021
405
1343
120
1842
1181
1315
405
1881
448
1493
690
770
1400
21
125
1787
1932
89
448
1802
737
590
888
448
971
686
1913
596
125
704
448
39
1493
1231
448
347
1540
590
229
1037
1445
898
448
949
350
898
209
1493
448
704
962
982
704
1828
1050
743
888
596
347
704
596
488
1842
825
568
197
1894
1689
837
1874
448
1474
89
1437
448
917
1692
342
1894
704
1493
1417
1565
837
1091
1318
325
448
1197
209
405
1181
448
1712
692
545
1181
552
323
1751
1729
423
1802
1600
1810
920
573
704
1541
1606
493
448
1941
253
414
805
929
1076
930
1244
1475
625
622
704
1047
1097
902
1867
919
1215
576
1742
1501
448
1075
826
1812
1639
320
704
450
39
1890
1751
888
971
282
1164
405
982
1493
448
1154
437
228
1442
1577
1343
125
973
623
1493
704
423
1351
165
754
1689
6
272
1343
809
228
-1
141
2
690
704
1543
1220
1295
149
1927
898
448
771
1255
1872
1535
687
825
180
1097
1445
197
1606
125
596
795
1043
1655
216
448
680
1137
1493
1802
-1
1470
916
1196
602
207
1538
1883
1444
805
737
485
809
794
504
347
77
1885
1826
448
141
1927
448
919
1845
1812
999
825
1712
1377
1437
1117
448
1923
715
330
1210
1037
448
1172
1846
331
508
291
508
1682
260
1913
257
33
626
1712
405
676
1885
770
1898
888
537
854
568
982
469
1384
1793
1495
898
452
596
1170
596
596
704
161
1668
1592
792
685
1094
1732
1689
372
809
1812
1037
1267
365
350
441
596
-1
210
909
1539
770
1274
423
770
448
195
1923
1489
1023
825
216
949
1871
209
258
67
448
1874
1246
704
909
949
1261
982
1424
482
704
1495
448
1681
1493
770
1906
1366
331
1888
1900
1712
837
890
261
596
919
1821
502
1196
805
1367
1801
888
1026
1099
1531
573
1800
1809
1639
107
1037
715
1261
1221
451
1338
21
704
596
1037
1828
565
448
1343
423
1699
521
1514
140
207
1928
504
735
277
448
207
100
1185
1923
272
235
729
1867
1621
596
1179
1913
448
1209
1364
1732
704
1514
245
704
554
36
1870
882
209
573
476
1456
961
405
1351
1691
1062
1802
1298
129
1475
772
448
-1
554
1146
1439
1386
1927
704
772
596
929
6
1424
709
655
452
1099
786
1596
1652
129
1403
778
837
602
1451
704
631
1802
880
704
1561
1131
1475
609
125
1601
704
448
574
1870
423
1577
552
-1
1562
292
448
311
565
704
448
825
1437
1621
1928
704
1849
1474
448
1788
517
1492
744
379
1474
590
1492
118
36
1262
704
949
368
1196
1493
596
837
1492
1550
778
72
1475
999
1698
704
1870
676
485
704
1257
1245
514
1514
163
1629
260
448
819
565
260
938
1031
1425
1682
970
713
1691
1238
1514
854
1373
602
862
629
851
39
825
596
713
953
1091
1493
704
715
448
990
1752
216
1734
1702
1097
1913
984
735
1238
277
704
1094
29
1492
737
1095
596
987
1400
854
233
394
704
260
452
1493
1037
1298
704
207
1713
1298
1884
89
1393
887
197
229
590
737
898
1655
802
825
405
481
448
1349
1770
1445
1612
627
448
704
1644
1343
448
573
2
1644
277
1373
916
704
365
1555
799
1403
1336
1136
1689
770
1284
1228
1521
311
704
1413
1802
1196
888
405
1923
1752
1923
898
1373
292
1333
141
1778
825
551
1493
79
180
195
704
1894
67
1047
1409
1333
704
76
305
63
1367
367
260
1668
837
1913
883
21
722
1534
207
975
1741
554
1050
1231
1294
1506
1927
291
770
405
117
277
1800
709
428
1181
1475
953
819
1751
311
118
452
704
1343
1746
1475
411
1947
521
1008
514
318
1445
1811
908
825
1535
1644
21
448
1900
1870
596
320
825
934
1736
1639
1094
825
1392
715
771
704
102
1437
228
1622
596
69
1514
614
1807
254
1343
1037
704
596
1315
985
722
76
596
631
919
793
1364
210
1315
1495
448
704
1444
367
245
949
669
1131
770
73
1245
772
1894
631
1903
1424
402
1800
704
1530
276
1021
920
277
704
826
888
308
115
596
1369
898
89
1793
809
125
704
1789
1898
379
1826
448
419
448
1928
825
837
209
984
1185
851
448
825
53
1543
1373
1800
909
704
207
405
978
825
704
704
1729
89
934
1400
704
1565
1483
504
1787
508
21
228
1521
1541
704
104
737
626
1475
961
837
825
1871
1751
623
814
825
1279
1041
1196
1131
1535
1228
819
1154
744
1493
1119
715
596
284
1031
56
1493
1246
430
448
1812
704
448
1377
1420
622
825
1713
704
266
197
1894
704
1639
679
704
704
405
826
1751
1751
984
1026
1196
1274
631
1257
1570
1400
1343
1913
772
690
1873
-1
1699
1196
300
1578
1867
826
1506
1126
1872
57
1295
1238
1890
451
772
1923
842
1562
898
1650
1051
837
1244
1928
216
448
163
267
1493
1587
1031
770
300
469
704
596
984
386
518
423
1894
1161
448
704
1743
1932
467
1050
347
2
838
1327
194
448
704
1475
53
414
1446
1063
431
1185
1196
448
1495
770
1689
353
825
270
1495
1569
284
826
1315
1091
1475
1751
257
502
451
1238
1260
777
1493
1164
1543
451
1531
825
704
207
825
565
145
207
916
1091
1639
680
1749
1793
448
201
563
72
1492
347
1295
2
368
890
1561
704
704
-1
-1
414
837
1379
179
1718
504
272
1884
1228
215
1075
448
1601
394
1228
772
1890
274
125
1802
715
704
854
825
1532
423
715
448
704
1228
102
825
482
1076
704
838
573
1606
793
825
1812
1364
1196
888
448
558
1196
1196
1562
1474
596
277
631
448
1037
982
704
1095
898
1565
704
257
786
448
888
888
1437
1343
1888
331
916
448
704
467
257
825
277
704
448
794
467
825
1812
1846
428
391
1846
1846
51
1917
825
574
284
770
1451
1770
1569
1493
1217
1298
260
1668
1565
448
1403
467
1751
928
1008
825
465
596
1923
1075
1031
1384
1333
931
1154
704
1008
704
1403
704
1643
1729
704
29
1576
1538
704
260
405
1751
837
1951
1041
228
1606
320
953
1209
482
704
1348
1175
1021
129
1037
1031
1582
1923
862
1812
448
704
1540
704
545
786
451
1215
1699
898
1364
704
949
754
141
704
1217
704
532
910
1732
1414
1424
1442
825
1037
84
921
1764
787
1682
704
393
311
1196
245
448
1913
428
837
1871
558
282
704
347
1928
934
1261
1094
1809
1514
931
709
704
704
825
1343
602
919
1561
141
1238
1154
1493
428
825
704
1437
1245
1295
5
1732
1861
1842
565
1245
452
448
573
1846
1870
488
1424
1228
63
1846
318
104
542
2
1749
1145
704
448
1487
825
544
448
88
347
1251
1221
888
596
704
1217
448
1689
1846
342
1196
596
1724
825
129
1870
882
1221
1861
809
1842
602
916
574
704
405
1601
1923
1817
1849
1185
793
1600
1037
1894
982
1493
704
431
825
1562
1618
573
792
825
241
935
1349
787
318
704
448
888
1569
772
1051
405
419
1947
1894
1343
414
482
1493
219
1807
837
405
1094
342
704
1577
828
1923
502
920
347
805
890
1550
628
1414
1606
929
771
276
596
1857
1475
430
862
1351
1493
826
686
508
197
448
1570
207
792
163
1812
5
488
163
778
1945
1384
704
489
490
448
1871
770
1409
1445
558
1812
1612
1577
898
1663
448
1770
1267
1807
1846
563
825
260
207
353
1521
837
1530
448
1343
1874
1493
995
1146
837
1267
837
1075
1732
596
704
1582
255
1681
1181
1181
345
166
1894
1221
685
599
490
971
1947
1233
1540
1732
1535
704
1872
29
1577
554
1923
1724
537
704
755
1521
1652
311
514
1541
448
704
94
1336
1712
1037
743
1437
1923
405
574
1817
1050
1809
405
156
255
770
